#
# There is insufficient memory for the Java Runtime Environment to continue.
# Native memory allocation (malloc) failed to allocate 1048576 bytes for AllocateHeap
# Possible reasons:
#   The system is out of physical RAM or swap space
#   In 32 bit mode, the process size limit was hit
# Possible solutions:
#   Reduce memory load on the system
#   Increase physical memory or swap space
#   Check if swap backing store is full
#   Use 64 bit Java on a 64 bit OS
#   Decrease Java heap size (-Xmx/-Xms)
#   Decrease number of Java threads
#   Decrease Java thread stack sizes (-Xss)
#   Set larger code cache with -XX:ReservedCodeCacheSize=
# This output file may be truncated or incomplete.
#
#  Out of Memory Error (memory/allocation.inline.hpp:62), pid=11316, tid=7160
#
# JRE version:  (8.0_25-b18) (build )
# Java VM: Java HotSpot(TM) 64-Bit Server VM (25.25-b02 mixed mode windows-amd64 compressed oops)
# Failed to write core dump. Minidumps are not enabled by default on client versions of Windows
#

---------------  T H R E A D  ---------------

Current thread (0x00000000022a5000):  JavaThread "Unknown thread" [_thread_in_vm, id=7160, stack(0x00000000021a0000,0x00000000022a0000)]

Stack: [0x00000000021a0000,0x00000000022a0000]
Native frames: (J=compiled Java code, j=interpreted, Vv=VM code, C=native code)
V  [jvm.dll+0x31667a]


---------------  P R O C E S S  ---------------

Java Threads: ( => current thread )

Other Threads:

=>0x00000000022a5000 (exited) JavaThread "Unknown thread" [_thread_in_vm, id=7160, stack(0x00000000021a0000,0x00000000022a0000)]

VM state:not at safepoint (normal execution)

VM Mutex/Monitor currently owned by a thread: None

Heap:
 PSYoungGen      total 16896K, used 296K [0x00000000edb00000, 0x00000000eed80000, 0x0000000100000000)
  eden space 14848K, 2% used [0x00000000edb00000,0x00000000edb4a3e0,0x00000000ee980000)
  from space 2048K, 0% used [0x00000000eeb80000,0x00000000eeb80000,0x00000000eed80000)
  to   space 2048K, 0% used [0x00000000ee980000,0x00000000ee980000,0x00000000eeb80000)
 ParOldGen       total 38400K, used 0K [0x00000000c9000000, 0x00000000cb580000, 0x00000000edb00000)
  object space 38400K, 0% used [0x00000000c9000000,0x00000000c9000000,0x00000000cb580000)
 Metaspace       used 658K, capacity 1028K, committed 1152K, reserved 1060864K
  class space    used 66K, capacity 384K, committed 384K, reserved 1048576K

Card table byte_map: [0x0000000011760000,0x0000000011920000] byte_map_base: 0x0000000011118000

Marking Bits: (ParMarkBitMap*) 0x000000005191d490
 Begin Bits: [0x0000000011e50000, 0x0000000012c10000)
 End Bits:   [0x0000000012c10000, 0x00000000139d0000)

Polling page: 0x0000000002040000

CodeCache: size=245760Kb used=326Kb max_used=326Kb free=245433Kb
 bounds [0x00000000023a0000, 0x0000000002610000, 0x00000000113a0000]
 total_blobs=55 nmethods=0 adapters=37
 compilation: enabled

Compilation events (0 events):
No events

GC Heap History (0 events):
No events

Deoptimization events (0 events):
No events

Internal exceptions (0 events):
No events

Events (10 events):
Event: 0.073 loading class java/lang/Short
Event: 0.074 loading class java/lang/Short done
Event: 0.074 loading class java/lang/Integer
Event: 0.074 loading class java/lang/Integer done
Event: 0.074 loading class java/lang/Long
Event: 0.074 loading class java/lang/Long done
Event: 0.075 loading class java/lang/NullPointerException
Event: 0.075 loading class java/lang/NullPointerException done
Event: 0.075 loading class java/lang/ArithmeticException
Event: 0.075 loading class java/lang/ArithmeticException done


Dynamic libraries:
0x00007ff789460000 - 0x00007ff789494000 	C:\Program Files\Java\jre1.8.0_25\bin\javaw.exe
0x00007ffa63b60000 - 0x00007ffa63d21000 	C:\WINDOWS\SYSTEM32\ntdll.dll
0x00007ffa633b0000 - 0x00007ffa6345d000 	C:\WINDOWS\system32\KERNEL32.DLL
0x00007ffa60b50000 - 0x00007ffa60d38000 	C:\WINDOWS\system32\KERNELBASE.dll
0x00007ffa610f0000 - 0x00007ffa61197000 	C:\WINDOWS\system32\ADVAPI32.dll
0x00007ffa631b0000 - 0x00007ffa6324d000 	C:\WINDOWS\system32\msvcrt.dll
0x00007ffa62db0000 - 0x00007ffa62e0b000 	C:\WINDOWS\system32\sechost.dll
0x00007ffa63090000 - 0x00007ffa631ac000 	C:\WINDOWS\system32\RPCRT4.dll
0x00007ffa63250000 - 0x00007ffa633a6000 	C:\WINDOWS\system32\USER32.dll
0x00007ffa60f60000 - 0x00007ffa610e6000 	C:\WINDOWS\system32\GDI32.dll
0x00007ffa54930000 - 0x00007ffa54ba4000 	C:\WINDOWS\WinSxS\amd64_microsoft.windows.common-controls_6595b64144ccf1df_6.0.10586.0_none_8c15ae12515e1c22\COMCTL32.dll
0x00007ffa62e10000 - 0x00007ffa6308d000 	C:\WINDOWS\system32\combase.dll
0x00007ffa608f0000 - 0x00007ffa6095a000 	C:\WINDOWS\system32\bcryptPrimitives.dll
0x00007ffa611a0000 - 0x00007ffa611db000 	C:\WINDOWS\system32\IMM32.DLL
0x0000000050b10000 - 0x0000000050be2000 	C:\Program Files\Java\jre1.8.0_25\bin\msvcr100.dll
0x0000000051140000 - 0x000000005199a000 	C:\Program Files\Java\jre1.8.0_25\bin\server\jvm.dll
0x00007ffa62c40000 - 0x00007ffa62c48000 	C:\WINDOWS\system32\PSAPI.DLL
0x00007ffa57cc0000 - 0x00007ffa57cc9000 	C:\WINDOWS\SYSTEM32\WSOCK32.dll
0x00007ffa5e400000 - 0x00007ffa5e423000 	C:\WINDOWS\SYSTEM32\WINMM.dll
0x00007ffa61310000 - 0x00007ffa6137b000 	C:\WINDOWS\system32\WS2_32.dll
0x00007ffa5e3a0000 - 0x00007ffa5e3cc000 	C:\WINDOWS\SYSTEM32\WINMMBASE.dll
0x00007ffa60d40000 - 0x00007ffa60d83000 	C:\WINDOWS\system32\cfgmgr32.dll
0x0000000051130000 - 0x000000005113f000 	C:\Program Files\Java\jre1.8.0_25\bin\verify.dll
0x0000000051100000 - 0x0000000051128000 	C:\Program Files\Java\jre1.8.0_25\bin\java.dll
0x00000000510e0000 - 0x00000000510f6000 	C:\Program Files\Java\jre1.8.0_25\bin\zip.dll

VM Arguments:
java_command: com.google.appengine.tools.enhancer.Enhance C:\Users\annina\git\Partnerboerse\Partnerboerse\war\WEB-INF\classes\de\hdm\gruppe7\partnerboerse\client\ShowSperrliste$1$1.class C:\Users\annina\git\Partnerboerse\Partnerboerse\war\WEB-INF\classes\de\hdm\gruppe7\partnerboerse\client\ShowSperrliste$1.class C:\Users\annina\git\Partnerboerse\Partnerboerse\war\WEB-INF\classes\de\hdm\gruppe7\partnerboerse\client\ShowSperrliste$1$2.class C:\Users\annina\git\Partnerboerse\Partnerboerse\war\WEB-INF\classes\de\hdm\gruppe7\partnerboerse\client\ShowSperrliste.class
java_class_path (initial): C:\Users\annina\git\Partnerboerse\Partnerboerse\war\WEB-INF\classes;C:\Users\annina\Downloads\Programme\Programmierprogramme\Eclipse, Java\eclipse-java-luna-SR1-win32-x86_64\eclipse\plugins\com.google.appengine.eclipse.sdkbundle_1.9.34\appengine-java-sdk-1.9.34\lib\shared\appengine-local-runtime-shared.jar;C:\Users\annina\Downloads\Programme\Programmierprogramme\Eclipse, Java\eclipse-java-luna-SR1-win32-x86_64\eclipse\plugins\com.google.appengine.eclipse.sdkbundle_1.9.34\appengine-java-sdk-1.9.34\lib\shared\el-api.jar;C:\Users\annina\Downloads\Programme\Programmierprogramme\Eclipse, Java\eclipse-java-luna-SR1-win32-x86_64\eclipse\plugins\com.google.appengine.eclipse.sdkbundle_1.9.34\appengine-java-sdk-1.9.34\lib\shared\jsp\repackaged-appengine-ant-1.7.1.jar;C:\Users\annina\Downloads\Programme\Programmierprogramme\Eclipse, Java\eclipse-java-luna-SR1-win32-x86_64\eclipse\plugins\com.google.appengine.eclipse.sdkbundle_1.9.34\appengine-java-sdk-1.9.34\lib\shared\jsp\repackaged-appengine-ant-launcher-1.7.1.jar;C:\Users\annina\Downloads\Programme\Programmierprogramme\Eclipse, Java\eclipse-java-luna-SR1-win32-x86_64\eclipse\plugins\com.google.appengine.eclipse.sdkbundle_1.9.34\appengine-java-sdk-1.9.34\lib\shared\jsp\repackaged-appengine-jasper-6.0.29.jar;C:\Users\annina\Downloads\Programme\Programmierprogramme\Eclipse, Java\eclipse-java-luna-SR1-win32-x86_64\eclipse\plugins\com.google.appengine.eclipse.sdkbundle_1.9.34\appengine-java-sdk-1.9.34\lib\shared\jsp\repackaged-appengine-jasper-el-6.0.29.jar;C:\Users\annina\Downloads\Programme\Programmierprogramme\Eclipse, Java\eclipse-java-luna-SR1-win32-x86_64\eclipse\plugins\com.google.appengine.eclipse.sdkbundle_1.9.34\appengine-java-sdk-1.9.34\lib\shared\jsp\repackaged-appengine-tomcat-juli-6.0.29.jar;C:\Users\annina\Downloads\Programme\Programmierprogramme\Eclipse, Java\eclipse-java-luna-SR1-win32-x86_64\eclipse\plugins\com.google.appengine.eclipse.sdkbundle_1.9.34\appengine-java-sdk-1.9.34\lib\
Launcher Type: SUN_STANDARD

Environment Variables:
JAVA_HOME=C:\Program Files\Java\jdk1.8.0_25
PATH=C:/Program Files/Java/jre1.8.0_25/bin/server;C:/Program Files/Java/jre1.8.0_25/bin;C:/Program Files/Java/jre1.8.0_25/lib/amd64;C:\ProgramData\Oracle\Java\javapath;C:\WINDOWS\system32;C:\WINDOWS;C:\WINDOWS\System32\Wbem;C:\WINDOWS\System32\WindowsPowerShell\v1.0\;C:\Program Files (x86)\ATI Technologies\ATI.ACE\Core-Static;C:\Program Files (x86)\Skype\Phone;C:\Program Files (x86)\QuickTime\QTSystem;C:\Program Files\Apache\maven\bin;C:\Users\annina\Downloads\Programme\Programmierprogramme\Eclipse, Java\eclipse-java-luna-SR1-win32-x86_64\eclipse;
USERNAME=annina
OS=Windows_NT
PROCESSOR_IDENTIFIER=AMD64 Family 22 Model 48 Stepping 1, AuthenticAMD



---------------  S Y S T E M  ---------------

OS: Windows 8.1 , 64 bit Build 9600 

CPU:total 4 (4 cores per cpu, 1 threads per core) family 22 model 48 stepping 1, cmov, cx8, fxsr, mmx, sse, sse2, sse3, ssse3, sse4.1, sse4.2, popcnt, avx, aes, clmul, mmxext, 3dnowpref, lzcnt, sse4a, tsc, tscinvbit, tscinv, bmi1

Memory: 4k page, physical 3599348k(134088k free), swap 14609396k(3976k free)

vm_info: Java HotSpot(TM) 64-Bit Server VM (25.25-b02) for windows-amd64 JRE (1.8.0_25-b18), built on Oct  7 2014 14:25:37 by "java_re" with MS VC++ 10.0 (VS2010)

time: Sat Jun 18 18:58:09 2016
elapsed time: 5 seconds (0d 0h 0m 5s)

