#
# There is insufficient memory for the Java Runtime Environment to continue.
# Native memory allocation (malloc) failed to allocate 79184 bytes for Chunk::new
# Possible reasons:
#   The system is out of physical RAM or swap space
#   In 32 bit mode, the process size limit was hit
# Possible solutions:
#   Reduce memory load on the system
#   Increase physical memory or swap space
#   Check if swap backing store is full
#   Use 64 bit Java on a 64 bit OS
#   Decrease Java heap size (-Xmx/-Xms)
#   Decrease number of Java threads
#   Decrease Java thread stack sizes (-Xss)
#   Set larger code cache with -XX:ReservedCodeCacheSize=
# This output file may be truncated or incomplete.
#
#  Out of Memory Error (allocation.cpp:390), pid=14688, tid=12272
#
# JRE version: Java(TM) SE Runtime Environment (8.0_25-b18) (build 1.8.0_25-b18)
# Java VM: Java HotSpot(TM) 64-Bit Server VM (25.25-b02 mixed mode windows-amd64 compressed oops)
# Failed to write core dump. Minidumps are not enabled by default on client versions of Windows
#

---------------  T H R E A D  ---------------

Current thread (0x00000000146a1800):  JavaThread "C2 CompilerThread1" daemon [_thread_in_native, id=12272, stack(0x0000000015ce0000,0x0000000015de0000)]

Stack: [0x0000000015ce0000,0x0000000015de0000]
Native frames: (J=compiled Java code, j=interpreted, Vv=VM code, C=native code)
V  [jvm.dll+0x31667a]
V  [jvm.dll+0x267073]
V  [jvm.dll+0x267cb3]
V  [jvm.dll+0x25f5b5]
V  [jvm.dll+0xbf165]
V  [jvm.dll+0xbf60c]
V  [jvm.dll+0x44af32]
V  [jvm.dll+0x4be4f0]
V  [jvm.dll+0x4c112c]
V  [jvm.dll+0x451121]
V  [jvm.dll+0x4538f8]
V  [jvm.dll+0x437372]
V  [jvm.dll+0x98a02]
V  [jvm.dll+0x991f3]
V  [jvm.dll+0x22bde4]
V  [jvm.dll+0x2852fa]
C  [msvcr100.dll+0x21d9f]
C  [msvcr100.dll+0x21e3b]
C  [KERNEL32.DLL+0x18102]
C  [ntdll.dll+0x5c5b4]


Current CompileTask:
C2:  25887  436       4       java.util.jar.JarFile::getEntry (22 bytes)


---------------  P R O C E S S  ---------------

Java Threads: ( => current thread )
  0x00000000146ee000 JavaThread "Service Thread" daemon [_thread_blocked, id=9752, stack(0x00000000162e0000,0x00000000163e0000)]
  0x00000000146b2800 JavaThread "C1 CompilerThread2" daemon [_thread_in_native, id=4508, stack(0x0000000015de0000,0x0000000015ee0000)]
=>0x00000000146a1800 JavaThread "C2 CompilerThread1" daemon [_thread_in_native, id=12272, stack(0x0000000015ce0000,0x0000000015de0000)]
  0x0000000014699800 JavaThread "C2 CompilerThread0" daemon [_thread_in_native, id=12872, stack(0x0000000015be0000,0x0000000015ce0000)]
  0x0000000014698800 JavaThread "Attach Listener" daemon [_thread_blocked, id=10440, stack(0x0000000015ae0000,0x0000000015be0000)]
  0x0000000014697000 JavaThread "Signal Dispatcher" daemon [_thread_blocked, id=13784, stack(0x00000000159e0000,0x0000000015ae0000)]
  0x00000000024fa800 JavaThread "Finalizer" daemon [_thread_blocked, id=5700, stack(0x00000000158e0000,0x00000000159e0000)]
  0x00000000024f4000 JavaThread "Reference Handler" daemon [_thread_blocked, id=15980, stack(0x00000000157e0000,0x00000000158e0000)]
  0x0000000002407800 JavaThread "main" [_thread_blocked, id=3504, stack(0x0000000002300000,0x0000000002400000)]

Other Threads:
  0x0000000014655800 VMThread [stack: 0x00000000156e0000,0x00000000157e0000] [id=428]
  0x0000000015f0a800 WatcherThread [stack: 0x00000000163e0000,0x00000000164e0000] [id=15836]

VM state:not at safepoint (normal execution)

VM Mutex/Monitor currently owned by a thread: None

Heap:
 PSYoungGen      total 16896K, used 12961K [0x00000000edb00000, 0x00000000eed80000, 0x0000000100000000)
  eden space 14848K, 87% used [0x00000000edb00000,0x00000000ee7a85b0,0x00000000ee980000)
  from space 2048K, 0% used [0x00000000eeb80000,0x00000000eeb80000,0x00000000eed80000)
  to   space 2048K, 0% used [0x00000000ee980000,0x00000000ee980000,0x00000000eeb80000)
 ParOldGen       total 38400K, used 0K [0x00000000c9000000, 0x00000000cb580000, 0x00000000edb00000)
  object space 38400K, 0% used [0x00000000c9000000,0x00000000c9000000,0x00000000cb580000)
 Metaspace       used 5818K, capacity 5872K, committed 6144K, reserved 1056768K
  class space    used 647K, capacity 663K, committed 768K, reserved 1048576K

Card table byte_map: [0x00000000118c0000,0x0000000011a80000] byte_map_base: 0x0000000011278000

Marking Bits: (ParMarkBitMap*) 0x000000007442d490
 Begin Bits: [0x0000000011fb0000, 0x0000000012d70000)
 End Bits:   [0x0000000012d70000, 0x0000000013b30000)

Polling page: 0x0000000000510000

CodeCache: size=245760Kb used=2124Kb max_used=2126Kb free=243635Kb
 bounds [0x0000000002500000, 0x0000000002770000, 0x0000000011500000]
 total_blobs=734 nmethods=445 adapters=204
 compilation: enabled

Compilation events (10 events):
Event: 2.489 Thread 0x00000000146b2800 nmethod 442 0x0000000002713310 code [0x00000000027134e0, 0x0000000002713cd8]
Event: 2.492 Thread 0x00000000146b2800  443   !   3       java.util.zip.Inflater::reset (69 bytes)
Event: 2.493 Thread 0x00000000146b2800 nmethod 443 0x0000000002712b50 code [0x0000000002712ce0, 0x0000000002713138]
Event: 2.495 Thread 0x00000000146b2800  445       3       java.util.ArrayDeque::add (7 bytes)
Event: 2.496 Thread 0x00000000146b2800 nmethod 445 0x0000000002712410 code [0x0000000002712580, 0x0000000002712728]
Event: 2.506 Thread 0x00000000146b2800  446       3       sun.util.calendar.BaseCalendar::getDayOfYear (26 bytes)
Event: 2.507 Thread 0x00000000146b2800 nmethod 446 0x0000000002711b50 code [0x0000000002711ce0, 0x0000000002712150]
Event: 2.507 Thread 0x00000000146b2800  447       3       java.util.zip.ZipEntry::getSize (5 bytes)
Event: 2.507 Thread 0x00000000146b2800 nmethod 447 0x0000000002711850 code [0x00000000027119a0, 0x0000000002711af0]
Event: 2.515 Thread 0x00000000146b2800  449   !   3       sun.misc.URLClassPath$JarLoader::getResource (349 bytes)

GC Heap History (0 events):
No events

Deoptimization events (1 events):
Event: 2.510 Thread 0x0000000002407800 Uncommon trap: reason=unloaded action=reinterpret pc=0x0000000002642710 method=java.lang.CharacterData.of(I)Ljava/lang/CharacterData; @ 96

Internal exceptions (10 events):
Event: 1.696 Thread 0x0000000002407800 Exception <a 'java/security/PrivilegedActionException'> (0x00000000edfacc58) thrown at [D:\re\workspace\8-2-build-windows-amd64-cygwin\jdk8u25\1677\hotspot\src\share\vm\prims\jvm.cpp, line 1312]
Event: 1.926 Thread 0x0000000002407800 Exception <a 'java/security/PrivilegedActionException'> (0x00000000ee0757a0) thrown at [D:\re\workspace\8-2-build-windows-amd64-cygwin\jdk8u25\1677\hotspot\src\share\vm\prims\jvm.cpp, line 1312]
Event: 1.940 Thread 0x0000000002407800 Exception <a 'java/security/PrivilegedActionException'> (0x00000000ee08cfb0) thrown at [D:\re\workspace\8-2-build-windows-amd64-cygwin\jdk8u25\1677\hotspot\src\share\vm\prims\jvm.cpp, line 1312]
Event: 1.941 Thread 0x0000000002407800 Exception <a 'java/security/PrivilegedActionException'> (0x00000000ee096550) thrown at [D:\re\workspace\8-2-build-windows-amd64-cygwin\jdk8u25\1677\hotspot\src\share\vm\prims\jvm.cpp, line 1312]
Event: 2.030 Thread 0x0000000002407800 Exception <a 'java/security/PrivilegedActionException'> (0x00000000ee0ea478) thrown at [D:\re\workspace\8-2-build-windows-amd64-cygwin\jdk8u25\1677\hotspot\src\share\vm\prims\jvm.cpp, line 1312]
Event: 2.050 Thread 0x0000000002407800 Exception <a 'java/security/PrivilegedActionException'> (0x00000000ee13ec20) thrown at [D:\re\workspace\8-2-build-windows-amd64-cygwin\jdk8u25\1677\hotspot\src\share\vm\prims\jvm.cpp, line 1312]
Event: 2.051 Thread 0x0000000002407800 Exception <a 'java/security/PrivilegedActionException'> (0x00000000ee146bd0) thrown at [D:\re\workspace\8-2-build-windows-amd64-cygwin\jdk8u25\1677\hotspot\src\share\vm\prims\jvm.cpp, line 1312]
Event: 2.142 Thread 0x0000000002407800 Exception <a 'java/security/PrivilegedActionException'> (0x00000000ee1a7178) thrown at [D:\re\workspace\8-2-build-windows-amd64-cygwin\jdk8u25\1677\hotspot\src\share\vm\prims\jvm.cpp, line 1312]
Event: 2.143 Thread 0x0000000002407800 Exception <a 'java/security/PrivilegedActionException'> (0x00000000ee1ab8c8) thrown at [D:\re\workspace\8-2-build-windows-amd64-cygwin\jdk8u25\1677\hotspot\src\share\vm\prims\jvm.cpp, line 1312]
Event: 2.143 Thread 0x0000000002407800 Exception <a 'java/security/PrivilegedActionException'> (0x00000000ee1afff8) thrown at [D:\re\workspace\8-2-build-windows-amd64-cygwin\jdk8u25\1677\hotspot\src\share\vm\prims\jvm.cpp, line 1312]

Events (10 events):
Event: 2.510 Executing VM operation: Deoptimize
Event: 2.511 Executing VM operation: Deoptimize done
Event: 2.511 Thread 0x0000000002407800 DEOPT PACKING pc=0x0000000002642710 sp=0x00000000023fe770
Event: 2.511 Thread 0x0000000002407800 DEOPT UNPACKING pc=0x000000000254556a sp=0x00000000023fe710 mode 2
Event: 2.515 loading class org/xml/sax/InputSource
Event: 2.515 loading class org/xml/sax/InputSource done
Event: 2.515 loading class org/apache/xerces/xni/parser/XMLInputSource
Event: 2.515 loading class org/apache/xerces/xni/parser/XMLInputSource done
Event: 2.518 loading class org/apache/xerces/util/XMLChar
Event: 2.518 loading class org/apache/xerces/util/XMLChar done


Dynamic libraries:
0x00007ff61e940000 - 0x00007ff61e974000 	C:\Program Files\Java\jre1.8.0_25\bin\javaw.exe
0x00007ffc380f0000 - 0x00007ffc382b1000 	C:\WINDOWS\SYSTEM32\ntdll.dll
0x00007ffc37a90000 - 0x00007ffc37b3d000 	C:\WINDOWS\system32\KERNEL32.DLL
0x00007ffc34ea0000 - 0x00007ffc35088000 	C:\WINDOWS\system32\KERNELBASE.dll
0x00007ffc357d0000 - 0x00007ffc35877000 	C:\WINDOWS\system32\ADVAPI32.dll
0x00007ffc35510000 - 0x00007ffc355ad000 	C:\WINDOWS\system32\msvcrt.dll
0x00007ffc35880000 - 0x00007ffc358db000 	C:\WINDOWS\system32\sechost.dll
0x00007ffc37b50000 - 0x00007ffc37c6c000 	C:\WINDOWS\system32\RPCRT4.dll
0x00007ffc35670000 - 0x00007ffc357c6000 	C:\WINDOWS\system32\USER32.dll
0x00007ffc37f00000 - 0x00007ffc38086000 	C:\WINDOWS\system32\GDI32.dll
0x00007ffc2b720000 - 0x00007ffc2b994000 	C:\WINDOWS\WinSxS\amd64_microsoft.windows.common-controls_6595b64144ccf1df_6.0.10586.0_none_8c15ae12515e1c22\COMCTL32.dll
0x00007ffc361a0000 - 0x00007ffc3641d000 	C:\WINDOWS\system32\combase.dll
0x00007ffc353d0000 - 0x00007ffc3543a000 	C:\WINDOWS\system32\bcryptPrimitives.dll
0x00007ffc35630000 - 0x00007ffc3566b000 	C:\WINDOWS\system32\IMM32.DLL
0x0000000073a20000 - 0x0000000073af2000 	C:\Program Files\Java\jre1.8.0_25\bin\msvcr100.dll
0x0000000073c50000 - 0x00000000744aa000 	C:\Program Files\Java\jre1.8.0_25\bin\server\jvm.dll
0x00007ffc37b40000 - 0x00007ffc37b48000 	C:\WINDOWS\system32\PSAPI.DLL
0x00007ffc32560000 - 0x00007ffc32583000 	C:\WINDOWS\SYSTEM32\WINMM.dll
0x00007ffc27720000 - 0x00007ffc27729000 	C:\WINDOWS\SYSTEM32\WSOCK32.dll
0x00007ffc35e80000 - 0x00007ffc35eeb000 	C:\WINDOWS\system32\WS2_32.dll
0x00007ffc32310000 - 0x00007ffc3233c000 	C:\WINDOWS\SYSTEM32\WINMMBASE.dll
0x00007ffc34e50000 - 0x00007ffc34e93000 	C:\WINDOWS\system32\cfgmgr32.dll
0x0000000073c40000 - 0x0000000073c4f000 	C:\Program Files\Java\jre1.8.0_25\bin\verify.dll
0x0000000073c10000 - 0x0000000073c38000 	C:\Program Files\Java\jre1.8.0_25\bin\java.dll
0x0000000073bf0000 - 0x0000000073c06000 	C:\Program Files\Java\jre1.8.0_25\bin\zip.dll
0x00007ffc36420000 - 0x00007ffc3797c000 	C:\WINDOWS\system32\SHELL32.dll
0x00007ffc347a0000 - 0x00007ffc34de4000 	C:\WINDOWS\system32\windows.storage.dll
0x00007ffc35e20000 - 0x00007ffc35e72000 	C:\WINDOWS\system32\shlwapi.dll
0x00007ffc34780000 - 0x00007ffc3478f000 	C:\WINDOWS\system32\kernel.appcore.dll
0x00007ffc35140000 - 0x00007ffc351f5000 	C:\WINDOWS\system32\shcore.dll
0x00007ffc34710000 - 0x00007ffc3475b000 	C:\WINDOWS\system32\powrprof.dll
0x00007ffc34760000 - 0x00007ffc34774000 	C:\WINDOWS\system32\profapi.dll
0x00007ffc34090000 - 0x00007ffc340a7000 	C:\WINDOWS\SYSTEM32\CRYPTSP.dll
0x00007ffc33d20000 - 0x00007ffc33d54000 	C:\WINDOWS\system32\rsaenh.dll
0x00007ffc343f0000 - 0x00007ffc34419000 	C:\WINDOWS\SYSTEM32\bcrypt.dll
0x00007ffc33e70000 - 0x00007ffc33e8f000 	C:\WINDOWS\SYSTEM32\USERENV.dll
0x00007ffc34210000 - 0x00007ffc3421b000 	C:\WINDOWS\SYSTEM32\CRYPTBASE.dll
0x0000000073bd0000 - 0x0000000073bea000 	C:\Program Files\Java\jre1.8.0_25\bin\net.dll
0x00007ffc33fe0000 - 0x00007ffc3403c000 	C:\WINDOWS\system32\mswsock.dll
0x00007ffc31000000 - 0x00007ffc31038000 	C:\WINDOWS\SYSTEM32\IPHLPAPI.DLL
0x00007ffc37d40000 - 0x00007ffc37d48000 	C:\WINDOWS\system32\NSI.dll
0x00007ffc30fe0000 - 0x00007ffc30ff6000 	C:\WINDOWS\SYSTEM32\dhcpcsvc6.DLL
0x00007ffc30fc0000 - 0x00007ffc30fda000 	C:\WINDOWS\SYSTEM32\dhcpcsvc.DLL
0x0000000073bb0000 - 0x0000000073bc1000 	C:\Program Files\Java\jre1.8.0_25\bin\nio.dll
0x00007ffc1da00000 - 0x00007ffc1db8c000 	C:\WINDOWS\SYSTEM32\dbghelp.dll

VM Arguments:
java_command: com.google.appengine.tools.enhancer.Enhance C:\Users\annina\git\Partnerboerse\Partnerboerse\war\WEB-INF\classes\de\hdm\gruppe7\partnerboerse\client\Navigator$8.class C:\Users\annina\git\Partnerboerse\Partnerboerse\war\WEB-INF\classes\de\hdm\gruppe7\partnerboerse\client\EditInfoSp$1$1.class C:\Users\annina\git\Partnerboerse\Partnerboerse\war\WEB-INF\classes\de\hdm\gruppe7\partnerboerse\client\ShowEigenesNp$1.class C:\Users\annina\git\Partnerboerse\Partnerboerse\war\WEB-INF\classes\de\hdm\gruppe7\partnerboerse\client\EditInfoSp$1$4.class C:\Users\annina\git\Partnerboerse\Partnerboerse\war\WEB-INF\classes\de\hdm\gruppe7\partnerboerse\client\ShowInfoNp$2.class C:\Users\annina\git\Partnerboerse\Partnerboerse\war\WEB-INF\classes\de\hdm\gruppe7\partnerboerse\client\Navigator$1.class C:\Users\annina\git\Partnerboerse\Partnerboerse\war\WEB-INF\classes\de\hdm\gruppe7\partnerboerse\server\db\InfoMapper.class C:\Users\annina\git\Partnerboerse\Partnerboerse\war\WEB-INF\classes\de\hdm\gruppe7\partnerboerse\client\CreateUnusedInfos$1$2.class C:\Users\annina\git\Partnerboerse\Partnerboerse\war\WEB-INF\classes\de\hdm\gruppe7\partnerboerse\client\Navigator$5.class C:\Users\annina\git\Partnerboerse\Partnerboerse\war\WEB-INF\classes\de\hdm\gruppe7\partnerboerse\client\ShowEigenesNp$3$2.class C:\Users\annina\git\Partnerboerse\Partnerboerse\war\WEB-INF\classes\de\hdm\gruppe7\partnerboerse\client\Navigator$8$1.class C:\Users\annina\git\Partnerboerse\Partnerboerse\war\WEB-INF\classes\de\hdm\gruppe7\partnerboerse\client\EditInfoSp$1$4$1.class C:\Users\annina\git\Partnerboerse\Partnerboerse\war\WEB-INF\classes\de\hdm\gruppe7\partnerboerse\client\ShowEigenesNp$3$1.class C:\Users\annina\git\Partnerboerse\Partnerboerse\war\WEB-INF\classes\de\hdm\gruppe7\partnerboerse\client\EditInfoSp.class C:\Users\annina\git\Partnerboerse\Partnerboerse\war\WEB-INF\classes\de\hdm\gruppe7\partnerboerse\client\ShowInfoNp$5.class C:\Users\annina\git\Partnerboerse\Partnerboerse\war\WEB-INF\classes\
java_class_path (initial): C:\Users\annina\git\Partnerboerse\Partnerboerse\war\WEB-INF\classes;C:\Users\annina\Downloads\Programme\Programmierprogramme\Eclipse, Java\eclipse-java-luna-SR1-win32-x86_64\eclipse\plugins\com.google.appengine.eclipse.sdkbundle_1.9.34\appengine-java-sdk-1.9.34\lib\shared\appengine-local-runtime-shared.jar;C:\Users\annina\Downloads\Programme\Programmierprogramme\Eclipse, Java\eclipse-java-luna-SR1-win32-x86_64\eclipse\plugins\com.google.appengine.eclipse.sdkbundle_1.9.34\appengine-java-sdk-1.9.34\lib\shared\el-api.jar;C:\Users\annina\Downloads\Programme\Programmierprogramme\Eclipse, Java\eclipse-java-luna-SR1-win32-x86_64\eclipse\plugins\com.google.appengine.eclipse.sdkbundle_1.9.34\appengine-java-sdk-1.9.34\lib\shared\jsp\repackaged-appengine-ant-1.7.1.jar;C:\Users\annina\Downloads\Programme\Programmierprogramme\Eclipse, Java\eclipse-java-luna-SR1-win32-x86_64\eclipse\plugins\com.google.appengine.eclipse.sdkbundle_1.9.34\appengine-java-sdk-1.9.34\lib\shared\jsp\repackaged-appengine-ant-launcher-1.7.1.jar;C:\Users\annina\Downloads\Programme\Programmierprogramme\Eclipse, Java\eclipse-java-luna-SR1-win32-x86_64\eclipse\plugins\com.google.appengine.eclipse.sdkbundle_1.9.34\appengine-java-sdk-1.9.34\lib\shared\jsp\repackaged-appengine-jasper-6.0.29.jar;C:\Users\annina\Downloads\Programme\Programmierprogramme\Eclipse, Java\eclipse-java-luna-SR1-win32-x86_64\eclipse\plugins\com.google.appengine.eclipse.sdkbundle_1.9.34\appengine-java-sdk-1.9.34\lib\shared\jsp\repackaged-appengine-jasper-el-6.0.29.jar;C:\Users\annina\Downloads\Programme\Programmierprogramme\Eclipse, Java\eclipse-java-luna-SR1-win32-x86_64\eclipse\plugins\com.google.appengine.eclipse.sdkbundle_1.9.34\appengine-java-sdk-1.9.34\lib\shared\jsp\repackaged-appengine-tomcat-juli-6.0.29.jar;C:\Users\annina\Downloads\Programme\Programmierprogramme\Eclipse, Java\eclipse-java-luna-SR1-win32-x86_64\eclipse\plugins\com.google.appengine.eclipse.sdkbundle_1.9.34\appengine-java-sdk-1.9.34\lib\
Launcher Type: SUN_STANDARD

Environment Variables:
JAVA_HOME=C:\Program Files\Java\jdk1.8.0_25
PATH=C:/Program Files/Java/jre1.8.0_25/bin/server;C:/Program Files/Java/jre1.8.0_25/bin;C:/Program Files/Java/jre1.8.0_25/lib/amd64;C:\ProgramData\Oracle\Java\javapath;C:\WINDOWS\system32;C:\WINDOWS;C:\WINDOWS\System32\Wbem;C:\WINDOWS\System32\WindowsPowerShell\v1.0\;C:\Program Files (x86)\ATI Technologies\ATI.ACE\Core-Static;C:\Program Files (x86)\Skype\Phone;C:\Program Files (x86)\QuickTime\QTSystem;C:\Program Files\Apache\maven\bin;C:\Users\annina\Downloads\Programme\Programmierprogramme\Eclipse, Java\eclipse-java-luna-SR1-win32-x86_64\eclipse;
USERNAME=annina
OS=Windows_NT
PROCESSOR_IDENTIFIER=AMD64 Family 22 Model 48 Stepping 1, AuthenticAMD



---------------  S Y S T E M  ---------------

OS: Windows 8.1 , 64 bit Build 9600 

CPU:total 4 (4 cores per cpu, 1 threads per core) family 22 model 48 stepping 1, cmov, cx8, fxsr, mmx, sse, sse2, sse3, ssse3, sse4.1, sse4.2, popcnt, avx, aes, clmul, mmxext, 3dnowpref, lzcnt, sse4a, tsc, tscinvbit, tscinv, bmi1

Memory: 4k page, physical 3599348k(806280k free), swap 14609396k(966864k free)

vm_info: Java HotSpot(TM) 64-Bit Server VM (25.25-b02) for windows-amd64 JRE (1.8.0_25-b18), built on Oct  7 2014 14:25:37 by "java_re" with MS VC++ 10.0 (VS2010)

time: Wed Jun 15 10:45:20 2016
elapsed time: 25 seconds (0d 0h 0m 25s)

