#
# There is insufficient memory for the Java Runtime Environment to continue.
# Native memory allocation (malloc) failed to allocate 371216 bytes for Chunk::new
# Possible reasons:
#   The system is out of physical RAM or swap space
#   In 32 bit mode, the process size limit was hit
# Possible solutions:
#   Reduce memory load on the system
#   Increase physical memory or swap space
#   Check if swap backing store is full
#   Use 64 bit Java on a 64 bit OS
#   Decrease Java heap size (-Xmx/-Xms)
#   Decrease number of Java threads
#   Decrease Java thread stack sizes (-Xss)
#   Set larger code cache with -XX:ReservedCodeCacheSize=
# This output file may be truncated or incomplete.
#
#  Out of Memory Error (allocation.cpp:390), pid=4696, tid=14708
#
# JRE version: Java(TM) SE Runtime Environment (8.0_25-b18) (build 1.8.0_25-b18)
# Java VM: Java HotSpot(TM) 64-Bit Server VM (25.25-b02 mixed mode windows-amd64 compressed oops)
# Failed to write core dump. Minidumps are not enabled by default on client versions of Windows
#

---------------  T H R E A D  ---------------

Current thread (0x000000001508c800):  JavaThread "C2 CompilerThread1" daemon [_thread_in_native, id=14708, stack(0x0000000015320000,0x0000000015420000)]

Stack: [0x0000000015320000,0x0000000015420000]
Native frames: (J=compiled Java code, j=interpreted, Vv=VM code, C=native code)
V  [jvm.dll+0x31667a]
V  [jvm.dll+0x267073]
V  [jvm.dll+0x267cb3]
V  [jvm.dll+0x25f5b5]
V  [jvm.dll+0xbf165]
V  [jvm.dll+0xbf60c]
V  [jvm.dll+0x45d672]
V  [jvm.dll+0x49e8ef]
V  [jvm.dll+0x452b41]
V  [jvm.dll+0x453864]
V  [jvm.dll+0x437372]
V  [jvm.dll+0x98a02]
V  [jvm.dll+0x991f3]
V  [jvm.dll+0x22bde4]
V  [jvm.dll+0x2852fa]
C  [msvcr100.dll+0x21d9f]
C  [msvcr100.dll+0x21e3b]
C  [KERNEL32.DLL+0x18102]
C  [ntdll.dll+0x5c5b4]


Current CompileTask:
C2: 784214 8966       4       com.sun.org.apache.xerces.internal.impl.XMLEntityScanner::scanData (1043 bytes)


---------------  P R O C E S S  ---------------

Java Threads: ( => current thread )
  0x00000000182b9800 JavaThread "1277262272@qtp-1579557711-1" [_thread_blocked, id=13656, stack(0x000000001f4e0000,0x000000001f5e0000)]
  0x00000000182b4800 JavaThread "878457790@qtp-1579557711-0" [_thread_blocked, id=14464, stack(0x000000001f3e0000,0x000000001f4e0000)]
  0x00000000182b5800 JavaThread "Java2D Disposer" daemon [_thread_blocked, id=11764, stack(0x000000001e9e0000,0x000000001eae0000)]
  0x0000000019de3800 JavaThread "pool-5-thread-1" [_thread_blocked, id=14396, stack(0x000000001dbe0000,0x000000001dce0000)]
  0x0000000019de2000 JavaThread "qtp639898060-36" [_thread_blocked, id=10628, stack(0x000000001d5e0000,0x000000001d6e0000)]
  0x0000000019de1800 JavaThread "qtp639898060-35" [_thread_blocked, id=11148, stack(0x000000001d4e0000,0x000000001d5e0000)]
  0x0000000019de6000 JavaThread "qtp639898060-34" [_thread_blocked, id=11184, stack(0x000000001d3e0000,0x000000001d4e0000)]
  0x000000001686b000 JavaThread "qtp639898060-33" [_thread_blocked, id=13976, stack(0x000000001d2e0000,0x000000001d3e0000)]
  0x000000001a10b800 JavaThread "qtp639898060-32" [_thread_blocked, id=14916, stack(0x000000001d1e0000,0x000000001d2e0000)]
  0x00000000157be800 JavaThread "qtp639898060-31" [_thread_blocked, id=11996, stack(0x000000001d0e0000,0x000000001d1e0000)]
  0x000000001865b000 JavaThread "qtp639898060-30 Acceptor0 SelectChannelConnector@127.0.0.1:9876" [_thread_in_native, id=8812, stack(0x000000001cfe0000,0x000000001d0e0000)]
  0x0000000018e81800 JavaThread "qtp639898060-29 Selector0" [_thread_in_native, id=848, stack(0x000000001cee0000,0x000000001cfe0000)]
  0x0000000016705800 JavaThread "HashSessionScavenger-0" daemon [_thread_blocked, id=11664, stack(0x000000001cde0000,0x000000001cee0000)]
  0x0000000015b36000 JavaThread "pool-1-thread-1" [_thread_blocked, id=14040, stack(0x00000000175b0000,0x00000000176b0000)]
  0x0000000015a22000 JavaThread "Thread-2" daemon [_thread_blocked, id=10876, stack(0x00000000163e0000,0x00000000164e0000)]
  0x00000000151c5800 JavaThread "Thread-1" [_thread_in_vm, id=6228, stack(0x0000000015f20000,0x0000000016020000)]
  0x00000000150f4800 JavaThread "Service Thread" daemon [_thread_blocked, id=820, stack(0x0000000015520000,0x0000000015620000)]
  0x000000001508e000 JavaThread "C1 CompilerThread2" daemon [_thread_blocked, id=12952, stack(0x0000000015420000,0x0000000015520000)]
=>0x000000001508c800 JavaThread "C2 CompilerThread1" daemon [_thread_in_native, id=14708, stack(0x0000000015320000,0x0000000015420000)]
  0x0000000015088000 JavaThread "C2 CompilerThread0" daemon [_thread_blocked, id=7416, stack(0x0000000015220000,0x0000000015320000)]
  0x00000000138b1800 JavaThread "Attach Listener" daemon [_thread_blocked, id=13404, stack(0x0000000014d20000,0x0000000014e20000)]
  0x00000000138b0800 JavaThread "Signal Dispatcher" daemon [_thread_blocked, id=5500, stack(0x0000000014c20000,0x0000000014d20000)]
  0x0000000002487000 JavaThread "Finalizer" daemon [_thread_blocked, id=6652, stack(0x0000000014b20000,0x0000000014c20000)]
  0x0000000002480800 JavaThread "Reference Handler" daemon [_thread_blocked, id=10392, stack(0x0000000014a20000,0x0000000014b20000)]
  0x0000000002394000 JavaThread "main" [_thread_blocked, id=14204, stack(0x0000000002100000,0x0000000002200000)]

Other Threads:
  0x0000000013874800 VMThread [stack: 0x0000000014920000,0x0000000014a20000] [id=8828]
  0x00000000150f7800 WatcherThread [stack: 0x0000000015620000,0x0000000015720000] [id=9852]

VM state:not at safepoint (normal execution)

VM Mutex/Monitor currently owned by a thread: None

Heap:
 PSYoungGen      total 116736K, used 15922K [0x00000000f5580000, 0x0000000100000000, 0x0000000100000000)
  eden space 58880K, 19% used [0x00000000f5580000,0x00000000f60f1848,0x00000000f8f00000)
  from space 57856K, 7% used [0x00000000f8f00000,0x00000000f931b180,0x00000000fc780000)
  to   space 57856K, 0% used [0x00000000fc780000,0x00000000fc780000,0x0000000100000000)
 ParOldGen       total 312832K, used 187916K [0x00000000e0000000, 0x00000000f3180000, 0x00000000f5580000)
  object space 312832K, 60% used [0x00000000e0000000,0x00000000eb783110,0x00000000f3180000)
 Metaspace       used 45260K, capacity 46128K, committed 46720K, reserved 1091584K
  class space    used 5145K, capacity 5352K, committed 5504K, reserved 1048576K

Card table byte_map: [0x0000000011850000,0x0000000011960000] byte_map_base: 0x0000000011150000

Marking Bits: (ParMarkBitMap*) 0x000000005191d490
 Begin Bits: [0x0000000011e10000, 0x0000000012610000)
 End Bits:   [0x0000000012610000, 0x0000000012e10000)

Polling page: 0x0000000000430000

CodeCache: size=245760Kb used=22017Kb max_used=22795Kb free=223742Kb
 bounds [0x0000000002490000, 0x0000000003b60000, 0x0000000011490000]
 total_blobs=7172 nmethods=6636 adapters=447
 compilation: enabled

Compilation events (10 events):
Event: 783.835 Thread 0x000000001508e000 8985       3       com.sun.org.apache.xerces.internal.impl.XMLDocumentFragmentScannerImpl::handleCharacter (76 bytes)
Event: 783.836 Thread 0x000000001508e000 nmethod 8985 0x000000000308f890 code [0x000000000308fa40, 0x000000000308ffc8]
Event: 783.836 Thread 0x000000001508e000 8986   !   3       com.sun.org.apache.xerces.internal.parsers.AbstractSAXParser::startGeneralEntity (76 bytes)
Event: 783.838 Thread 0x000000001508e000 nmethod 8986 0x0000000002ba3690 code [0x0000000002ba3880, 0x0000000002ba42e8]
Event: 783.842 Thread 0x000000001508e000 8987       3       com.sun.org.apache.xerces.internal.impl.XMLDocumentFragmentScannerImpl::scanEntityReference (370 bytes)
Event: 783.847 Thread 0x000000001508e000 nmethod 8987 0x0000000003737c50 code [0x0000000003738040, 0x000000000373a588]
Event: 783.848 Thread 0x0000000015088000 nmethod 8977 0x00000000032ffa10 code [0x00000000032ffbe0, 0x0000000003300260]
Event: 783.848 Thread 0x0000000015088000 8978       4       com.sun.org.apache.xerces.internal.impl.XMLDTDScannerImpl::scanningInternalSubset (13 bytes)
Event: 783.849 Thread 0x0000000015088000 nmethod 8978 0x000000000369b0d0 code [0x000000000369b200, 0x000000000369b278]
Event: 783.849 Thread 0x0000000015088000 8967       4       com.sun.org.apache.xerces.internal.impl.XMLDocumentFragmentScannerImpl::seekCloseOfStartTag (119 bytes)

GC Heap History (10 events):
Event: 523.946 GC heap before
{Heap before GC invocations=42 (full 5):
 PSYoungGen      total 116736K, used 57843K [0x00000000f5580000, 0x0000000100000000, 0x0000000100000000)
  eden space 58880K, 0% used [0x00000000f5580000,0x00000000f5580000,0x00000000f8f00000)
  from space 57856K, 99% used [0x00000000f8f00000,0x00000000fc77ce00,0x00000000fc780000)
  to   space 57856K, 0% used [0x00000000fc780000,0x00000000fc780000,0x0000000100000000)
 ParOldGen       total 199168K, used 174148K [0x00000000e0000000, 0x00000000ec280000, 0x00000000f5580000)
  object space 199168K, 87% used [0x00000000e0000000,0x00000000eaa112d8,0x00000000ec280000)
 Metaspace       used 44630K, capacity 45522K, committed 46080K, reserved 1089536K
  class space    used 5089K, capacity 5279K, committed 5376K, reserved 1048576K
Event: 525.159 GC heap after
Heap after GC invocations=42 (full 5):
 PSYoungGen      total 116736K, used 0K [0x00000000f5580000, 0x0000000100000000, 0x0000000100000000)
  eden space 58880K, 0% used [0x00000000f5580000,0x00000000f5580000,0x00000000f8f00000)
  from space 57856K, 0% used [0x00000000f8f00000,0x00000000f8f00000,0x00000000fc780000)
  to   space 57856K, 0% used [0x00000000fc780000,0x00000000fc780000,0x0000000100000000)
 ParOldGen       total 312832K, used 187892K [0x00000000e0000000, 0x00000000f3180000, 0x00000000f5580000)
  object space 312832K, 60% used [0x00000000e0000000,0x00000000eb77d110,0x00000000f3180000)
 Metaspace       used 44630K, capacity 45522K, committed 46080K, reserved 1089536K
  class space    used 5089K, capacity 5279K, committed 5376K, reserved 1048576K
}
Event: 525.713 GC heap before
{Heap before GC invocations=43 (full 5):
 PSYoungGen      total 116736K, used 56664K [0x00000000f5580000, 0x0000000100000000, 0x0000000100000000)
  eden space 58880K, 96% used [0x00000000f5580000,0x00000000f8cd6098,0x00000000f8f00000)
  from space 57856K, 0% used [0x00000000f8f00000,0x00000000f8f00000,0x00000000fc780000)
  to   space 57856K, 0% used [0x00000000fc780000,0x00000000fc780000,0x0000000100000000)
 ParOldGen       total 312832K, used 187892K [0x00000000e0000000, 0x00000000f3180000, 0x00000000f5580000)
  object space 312832K, 60% used [0x00000000e0000000,0x00000000eb77d110,0x00000000f3180000)
 Metaspace       used 44794K, capacity 45682K, committed 46080K, reserved 1089536K
  class space    used 5107K, capacity 5311K, committed 5376K, reserved 1048576K
Event: 525.722 GC heap after
Heap after GC invocations=43 (full 5):
 PSYoungGen      total 116736K, used 16209K [0x00000000f5580000, 0x0000000100000000, 0x0000000100000000)
  eden space 58880K, 0% used [0x00000000f5580000,0x00000000f5580000,0x00000000f8f00000)
  from space 57856K, 28% used [0x00000000fc780000,0x00000000fd754598,0x0000000100000000)
  to   space 57856K, 0% used [0x00000000f8f00000,0x00000000f8f00000,0x00000000fc780000)
 ParOldGen       total 312832K, used 187900K [0x00000000e0000000, 0x00000000f3180000, 0x00000000f5580000)
  object space 312832K, 60% used [0x00000000e0000000,0x00000000eb77f110,0x00000000f3180000)
 Metaspace       used 44794K, capacity 45682K, committed 46080K, reserved 1089536K
  class space    used 5107K, capacity 5311K, committed 5376K, reserved 1048576K
}
Event: 525.760 GC heap before
{Heap before GC invocations=44 (full 5):
 PSYoungGen      total 116736K, used 73178K [0x00000000f5580000, 0x0000000100000000, 0x0000000100000000)
  eden space 58880K, 96% used [0x00000000f5580000,0x00000000f8d223c0,0x00000000f8f00000)
  from space 57856K, 28% used [0x00000000fc780000,0x00000000fd754598,0x0000000100000000)
  to   space 57856K, 0% used [0x00000000f8f00000,0x00000000f8f00000,0x00000000fc780000)
 ParOldGen       total 312832K, used 187900K [0x00000000e0000000, 0x00000000f3180000, 0x00000000f5580000)
  object space 312832K, 60% used [0x00000000e0000000,0x00000000eb77f110,0x00000000f3180000)
 Metaspace       used 44794K, capacity 45682K, committed 46080K, reserved 1089536K
  class space    used 5107K, capacity 5311K, committed 5376K, reserved 1048576K
Event: 525.772 GC heap after
Heap after GC invocations=44 (full 5):
 PSYoungGen      total 116736K, used 26009K [0x00000000f5580000, 0x0000000100000000, 0x0000000100000000)
  eden space 58880K, 0% used [0x00000000f5580000,0x00000000f5580000,0x00000000f8f00000)
  from space 57856K, 44% used [0x00000000f8f00000,0x00000000fa866678,0x00000000fc780000)
  to   space 57856K, 0% used [0x00000000fc780000,0x00000000fc780000,0x0000000100000000)
 ParOldGen       total 312832K, used 187900K [0x00000000e0000000, 0x00000000f3180000, 0x00000000f5580000)
  object space 312832K, 60% used [0x00000000e0000000,0x00000000eb77f110,0x00000000f3180000)
 Metaspace       used 44794K, capacity 45682K, committed 46080K, reserved 1089536K
  class space    used 5107K, capacity 5311K, committed 5376K, reserved 1048576K
}
Event: 526.413 GC heap before
{Heap before GC invocations=45 (full 5):
 PSYoungGen      total 116736K, used 84889K [0x00000000f5580000, 0x0000000100000000, 0x0000000100000000)
  eden space 58880K, 100% used [0x00000000f5580000,0x00000000f8f00000,0x00000000f8f00000)
  from space 57856K, 44% used [0x00000000f8f00000,0x00000000fa866678,0x00000000fc780000)
  to   space 57856K, 0% used [0x00000000fc780000,0x00000000fc780000,0x0000000100000000)
 ParOldGen       total 312832K, used 187900K [0x00000000e0000000, 0x00000000f3180000, 0x00000000f5580000)
  object space 312832K, 60% used [0x00000000e0000000,0x00000000eb77f110,0x00000000f3180000)
 Metaspace       used 44910K, capacity 45816K, committed 46336K, reserved 1089536K
  class space    used 5118K, capacity 5312K, committed 5376K, reserved 1048576K
Event: 526.422 GC heap after
Heap after GC invocations=45 (full 5):
 PSYoungGen      total 116736K, used 15108K [0x00000000f5580000, 0x0000000100000000, 0x0000000100000000)
  eden space 58880K, 0% used [0x00000000f5580000,0x00000000f5580000,0x00000000f8f00000)
  from space 57856K, 26% used [0x00000000fc780000,0x00000000fd6410d8,0x0000000100000000)
  to   space 57856K, 0% used [0x00000000f8f00000,0x00000000f8f00000,0x00000000fc780000)
 ParOldGen       total 312832K, used 187908K [0x00000000e0000000, 0x00000000f3180000, 0x00000000f5580000)
  object space 312832K, 60% used [0x00000000e0000000,0x00000000eb781110,0x00000000f3180000)
 Metaspace       used 44910K, capacity 45816K, committed 46336K, reserved 1089536K
  class space    used 5118K, capacity 5312K, committed 5376K, reserved 1048576K
}
Event: 783.503 GC heap before
{Heap before GC invocations=46 (full 5):
 PSYoungGen      total 116736K, used 73988K [0x00000000f5580000, 0x0000000100000000, 0x0000000100000000)
  eden space 58880K, 100% used [0x00000000f5580000,0x00000000f8f00000,0x00000000f8f00000)
  from space 57856K, 26% used [0x00000000fc780000,0x00000000fd6410d8,0x0000000100000000)
  to   space 57856K, 0% used [0x00000000f8f00000,0x00000000f8f00000,0x00000000fc780000)
 ParOldGen       total 312832K, used 187908K [0x00000000e0000000, 0x00000000f3180000, 0x00000000f5580000)
  object space 312832K, 60% used [0x00000000e0000000,0x00000000eb781110,0x00000000f3180000)
 Metaspace       used 45095K, capacity 45944K, committed 46336K, reserved 1089536K
  class space    used 5128K, capacity 5312K, committed 5376K, reserved 1048576K
Event: 783.651 GC heap after
Heap after GC invocations=46 (full 5):
 PSYoungGen      total 116736K, used 4204K [0x00000000f5580000, 0x0000000100000000, 0x0000000100000000)
  eden space 58880K, 0% used [0x00000000f5580000,0x00000000f5580000,0x00000000f8f00000)
  from space 57856K, 7% used [0x00000000f8f00000,0x00000000f931b180,0x00000000fc780000)
  to   space 57856K, 0% used [0x00000000fc780000,0x00000000fc780000,0x0000000100000000)
 ParOldGen       total 312832K, used 187916K [0x00000000e0000000, 0x00000000f3180000, 0x00000000f5580000)
  object space 312832K, 60% used [0x00000000e0000000,0x00000000eb783110,0x00000000f3180000)
 Metaspace       used 45095K, capacity 45944K, committed 46336K, reserved 1089536K
  class space    used 5128K, capacity 5312K, committed 5376K, reserved 1048576K
}

Deoptimization events (10 events):
Event: 527.143 Thread 0x0000000019de3800 Uncommon trap: reason=class_check action=maybe_recompile pc=0x0000000003aafcc8 method=java.lang.Character.getType(I)I @ 5
Event: 527.151 Thread 0x0000000019de3800 Uncommon trap: reason=class_check action=maybe_recompile pc=0x0000000002c3309c method=java.util.Hashtable.get(Ljava/lang/Object;)Ljava/lang/Object; @ 45
Event: 528.138 Thread 0x00000000157be800 Uncommon trap: reason=predicate action=maybe_recompile pc=0x0000000003a34990 method=java.nio.charset.CharsetEncoder.encode(Ljava/nio/CharBuffer;Ljava/nio/ByteBuffer;Z)Ljava/nio/charset/CoderResult; @ 54
Event: 528.139 Thread 0x00000000157be800 Uncommon trap: reason=predicate action=maybe_recompile pc=0x0000000003a23534 method=java.nio.charset.CharsetEncoder.encode(Ljava/nio/CharBuffer;Ljava/nio/ByteBuffer;Z)Ljava/nio/charset/CoderResult; @ 54
Event: 782.297 Thread 0x00000000151c5800 Uncommon trap: reason=array_check action=maybe_recompile pc=0x00000000037755e4 method=java.util.TimSort.binarySort([Ljava/lang/Object;IIILjava/util/Comparator;)V @ 193
Event: 783.335 Thread 0x00000000151c5800 Uncommon trap: reason=unreached action=reinterpret pc=0x00000000037ca440 method=java.util.regex.Pattern.expr(Ljava/util/regex/Pattern$Node;)Ljava/util/regex/Pattern$Node; @ 24
Event: 783.335 Thread 0x00000000151c5800 Uncommon trap: reason=class_check action=maybe_recompile pc=0x00000000037cfd40 method=java.util.regex.Pattern$CharProperty.study(Ljava/util/regex/Pattern$TreeInfo;)Z @ 25
Event: 783.335 Thread 0x00000000151c5800 Uncommon trap: reason=class_check action=maybe_recompile pc=0x00000000037cfd40 method=java.util.regex.Pattern$CharProperty.study(Ljava/util/regex/Pattern$TreeInfo;)Z @ 25
Event: 783.335 Thread 0x00000000151c5800 Uncommon trap: reason=class_check action=maybe_recompile pc=0x00000000037cfd40 method=java.util.regex.Pattern$CharProperty.study(Ljava/util/regex/Pattern$TreeInfo;)Z @ 25
Event: 783.335 Thread 0x00000000151c5800 Uncommon trap: reason=class_check action=maybe_recompile pc=0x00000000037cfd40 method=java.util.regex.Pattern$CharProperty.study(Ljava/util/regex/Pattern$TreeInfo;)Z @ 25

Internal exceptions (10 events):
Event: 782.243 Thread 0x00000000182b9800 Exception <a 'java/lang/InterruptedException'> (0x00000000f80aef10) thrown at [D:\re\workspace\8-2-build-windows-amd64-cygwin\jdk8u25\1677\hotspot\src\share\vm\runtime\objectMonitor.cpp, line 1682]
Event: 782.269 Thread 0x00000000151c5800 Exception <a 'java/lang/ClassNotFoundException': sun/net/www/protocol/c/Handler> (0x00000000f81461c8) thrown at [D:\re\workspace\8-2-build-windows-amd64-cygwin\jdk8u25\1677\hotspot\src\share\vm\classfile\systemDictionary.cpp, line 202]
Event: 782.271 Thread 0x00000000151c5800 Exception <a 'java/security/PrivilegedActionException'> (0x00000000f8146c18) thrown at [D:\re\workspace\8-2-build-windows-amd64-cygwin\jdk8u25\1677\hotspot\src\share\vm\prims\jvm.cpp, line 1312]
Event: 782.278 Thread 0x00000000151c5800 Exception <a 'java/security/PrivilegedActionException'> (0x00000000f814b198) thrown at [D:\re\workspace\8-2-build-windows-amd64-cygwin\jdk8u25\1677\hotspot\src\share\vm\prims\jvm.cpp, line 1312]
Event: 783.289 Thread 0x00000000151c5800 Exception <a 'java/security/PrivilegedActionException'> (0x00000000f843b798) thrown at [D:\re\workspace\8-2-build-windows-amd64-cygwin\jdk8u25\1677\hotspot\src\share\vm\prims\jvm.cpp, line 1312]
Event: 783.296 Thread 0x00000000151c5800 Exception <a 'java/lang/ClassNotFoundException': sun/net/www/protocol/c/Handler> (0x00000000f84596c8) thrown at [D:\re\workspace\8-2-build-windows-amd64-cygwin\jdk8u25\1677\hotspot\src\share\vm\classfile\systemDictionary.cpp, line 202]
Event: 783.297 Thread 0x00000000151c5800 Exception <a 'java/security/PrivilegedActionException'> (0x00000000f845a2a8) thrown at [D:\re\workspace\8-2-build-windows-amd64-cygwin\jdk8u25\1677\hotspot\src\share\vm\prims\jvm.cpp, line 1312]
Event: 783.305 Thread 0x00000000151c5800 Exception <a 'java/security/PrivilegedActionException'> (0x00000000f845e860) thrown at [D:\re\workspace\8-2-build-windows-amd64-cygwin\jdk8u25\1677\hotspot\src\share\vm\prims\jvm.cpp, line 1312]
Event: 783.849 Thread 0x00000000151c5800 Exception <a 'java/security/PrivilegedActionException'> (0x00000000f5d21070) thrown at [D:\re\workspace\8-2-build-windows-amd64-cygwin\jdk8u25\1677\hotspot\src\share\vm\prims\jvm.cpp, line 1312]
Event: 783.851 Thread 0x00000000151c5800 Exception <a 'java/security/PrivilegedActionException'> (0x00000000f5d24ee8) thrown at [D:\re\workspace\8-2-build-windows-amd64-cygwin\jdk8u25\1677\hotspot\src\share\vm\prims\jvm.cpp, line 1312]

Events (10 events):
Event: 783.840 Thread 0x00000000151c5800 DEOPT PACKING pc=0x0000000002d17b4b sp=0x000000001601cdd0
Event: 783.840 Thread 0x00000000151c5800 DEOPT UNPACKING pc=0x00000000024d71bf sp=0x000000001601cb28 mode 0
Event: 783.841 Thread 0x00000000151c5800 DEOPT PACKING pc=0x0000000002d17b4b sp=0x000000001601cdd0
Event: 783.841 Thread 0x00000000151c5800 DEOPT UNPACKING pc=0x00000000024d71bf sp=0x000000001601cb28 mode 0
Event: 783.846 loading class com/google/appengine/tools/development/DevAppServerModulesFilter
Event: 783.846 loading class com/google/appengine/tools/development/DevAppServerModulesFilter done
Event: 783.849 loading class com/google/appengine/tools/development/StaticFileFilter
Event: 783.849 loading class com/google/appengine/tools/development/StaticFileFilter done
Event: 783.852 loading class com/google/apphosting/utils/servlet/TransactionCleanupFilter
Event: 783.852 loading class com/google/apphosting/utils/servlet/TransactionCleanupFilter done


Dynamic libraries:
0x00007ff789460000 - 0x00007ff789494000 	C:\Program Files\Java\jre1.8.0_25\bin\javaw.exe
0x00007ffa63b60000 - 0x00007ffa63d21000 	C:\WINDOWS\SYSTEM32\ntdll.dll
0x00007ffa633b0000 - 0x00007ffa6345d000 	C:\WINDOWS\system32\KERNEL32.DLL
0x00007ffa60b50000 - 0x00007ffa60d38000 	C:\WINDOWS\system32\KERNELBASE.dll
0x00007ffa610f0000 - 0x00007ffa61197000 	C:\WINDOWS\system32\ADVAPI32.dll
0x00007ffa631b0000 - 0x00007ffa6324d000 	C:\WINDOWS\system32\msvcrt.dll
0x00007ffa62db0000 - 0x00007ffa62e0b000 	C:\WINDOWS\system32\sechost.dll
0x00007ffa63090000 - 0x00007ffa631ac000 	C:\WINDOWS\system32\RPCRT4.dll
0x00007ffa63250000 - 0x00007ffa633a6000 	C:\WINDOWS\system32\USER32.dll
0x00007ffa60f60000 - 0x00007ffa610e6000 	C:\WINDOWS\system32\GDI32.dll
0x00007ffa54930000 - 0x00007ffa54ba4000 	C:\WINDOWS\WinSxS\amd64_microsoft.windows.common-controls_6595b64144ccf1df_6.0.10586.0_none_8c15ae12515e1c22\COMCTL32.dll
0x00007ffa62e10000 - 0x00007ffa6308d000 	C:\WINDOWS\system32\combase.dll
0x00007ffa608f0000 - 0x00007ffa6095a000 	C:\WINDOWS\system32\bcryptPrimitives.dll
0x00007ffa611a0000 - 0x00007ffa611db000 	C:\WINDOWS\system32\IMM32.DLL
0x0000000050b10000 - 0x0000000050be2000 	C:\Program Files\Java\jre1.8.0_25\bin\msvcr100.dll
0x0000000051140000 - 0x000000005199a000 	C:\Program Files\Java\jre1.8.0_25\bin\server\jvm.dll
0x00007ffa62c40000 - 0x00007ffa62c48000 	C:\WINDOWS\system32\PSAPI.DLL
0x00007ffa57cc0000 - 0x00007ffa57cc9000 	C:\WINDOWS\SYSTEM32\WSOCK32.dll
0x00007ffa5e400000 - 0x00007ffa5e423000 	C:\WINDOWS\SYSTEM32\WINMM.dll
0x00007ffa61310000 - 0x00007ffa6137b000 	C:\WINDOWS\system32\WS2_32.dll
0x0000000000830000 - 0x000000000085c000 	C:\WINDOWS\SYSTEM32\WINMMBASE.dll
0x00007ffa60d40000 - 0x00007ffa60d83000 	C:\WINDOWS\system32\cfgmgr32.dll
0x0000000051130000 - 0x000000005113f000 	C:\Program Files\Java\jre1.8.0_25\bin\verify.dll
0x0000000051100000 - 0x0000000051128000 	C:\Program Files\Java\jre1.8.0_25\bin\java.dll
0x0000000050ae0000 - 0x0000000050b03000 	C:\Program Files\Java\jre1.8.0_25\bin\instrument.dll
0x00000000510e0000 - 0x00000000510f6000 	C:\Program Files\Java\jre1.8.0_25\bin\zip.dll
0x00007ffa61530000 - 0x00007ffa62a8c000 	C:\WINDOWS\system32\SHELL32.dll
0x00007ffa602a0000 - 0x00007ffa608e4000 	C:\WINDOWS\system32\windows.storage.dll
0x00007ffa63a30000 - 0x00007ffa63a82000 	C:\WINDOWS\system32\shlwapi.dll
0x00007ffa60200000 - 0x00007ffa6020f000 	C:\WINDOWS\system32\kernel.appcore.dll
0x00007ffa609c0000 - 0x00007ffa60a75000 	C:\WINDOWS\system32\shcore.dll
0x00007ffa60180000 - 0x00007ffa601cb000 	C:\WINDOWS\system32\powrprof.dll
0x00007ffa601d0000 - 0x00007ffa601e4000 	C:\WINDOWS\system32\profapi.dll
0x00000000510c0000 - 0x00000000510da000 	C:\Program Files\Java\jre1.8.0_25\bin\net.dll
0x00007ffa5fa50000 - 0x00007ffa5faac000 	C:\WINDOWS\system32\mswsock.dll
0x00007ffa5ebf0000 - 0x00007ffa5ec9a000 	C:\WINDOWS\SYSTEM32\DNSAPI.dll
0x00007ffa61300000 - 0x00007ffa61308000 	C:\WINDOWS\system32\NSI.dll
0x0000000052b00000 - 0x0000000052b26000 	C:\Program Files\Bonjour\mdnsNSP.dll
0x00007ffa584f0000 - 0x00007ffa58528000 	C:\WINDOWS\SYSTEM32\Iphlpapi.DLL
0x00007ffa57d40000 - 0x00007ffa57d4a000 	C:\Windows\System32\rasadhlp.dll
0x00007ffa58140000 - 0x00007ffa581a7000 	C:\WINDOWS\System32\fwpuclnt.dll
0x00007ffa600b0000 - 0x00007ffa600d9000 	C:\WINDOWS\SYSTEM32\bcrypt.dll
0x00007ffa5fb00000 - 0x00007ffa5fb17000 	C:\WINDOWS\SYSTEM32\CRYPTSP.dll
0x00007ffa5f790000 - 0x00007ffa5f7c4000 	C:\WINDOWS\system32\rsaenh.dll
0x00007ffa5f8e0000 - 0x00007ffa5f8ff000 	C:\WINDOWS\SYSTEM32\USERENV.dll
0x00007ffa5fc20000 - 0x00007ffa5fc2b000 	C:\WINDOWS\SYSTEM32\CRYPTBASE.dll
0x00007ffa584d0000 - 0x00007ffa584e6000 	C:\WINDOWS\SYSTEM32\dhcpcsvc6.DLL
0x00007ffa584b0000 - 0x00007ffa584ca000 	C:\WINDOWS\SYSTEM32\dhcpcsvc.DLL
0x00000000510a0000 - 0x00000000510b1000 	C:\Program Files\Java\jre1.8.0_25\bin\nio.dll
0x00007ffa37580000 - 0x00007ffa37596000 	C:\WINDOWS\system32\napinsp.dll
0x00007ffa37560000 - 0x00007ffa3757a000 	C:\WINDOWS\system32\pnrpnsp.dll
0x00007ffa5e160000 - 0x00007ffa5e178000 	C:\WINDOWS\system32\NLAapi.dll
0x00007ffa3bea0000 - 0x00007ffa3bead000 	C:\WINDOWS\System32\winrnr.dll
0x00007ffa5cbc0000 - 0x00007ffa5cbd5000 	C:\WINDOWS\System32\wshbth.dll
0x0000000050ad0000 - 0x0000000050add000 	C:\Program Files\Java\jre1.8.0_25\bin\management.dll
0x0000000050930000 - 0x0000000050ac8000 	C:\Program Files\Java\jre1.8.0_25\bin\awt.dll
0x00007ffa634d0000 - 0x00007ffa63591000 	C:\WINDOWS\system32\OLEAUT32.dll
0x00007ffa5e8e0000 - 0x00007ffa5e959000 	C:\WINDOWS\system32\apphelp.dll
0x00007ffa5dfd0000 - 0x00007ffa5dff2000 	C:\WINDOWS\system32\DWMAPI.DLL
0x00007ffa5eb00000 - 0x00007ffa5eb96000 	C:\WINDOWS\system32\uxtheme.dll
0x00007ffa49f00000 - 0x00007ffa4a08c000 	C:\WINDOWS\SYSTEM32\dbghelp.dll

VM Arguments:
jvm_args: -Xmx512m -javaagent:C:\Users\annina\Downloads\Programme\Programmierprogramme\Eclipse, Java\eclipse-java-luna-SR1-win32-x86_64\eclipse\plugins\com.google.appengine.eclipse.sdkbundle_1.9.34\appengine-java-sdk-1.9.34\lib\agent\appengine-agent.jar -Dfile.encoding=UTF-8 
java_command: com.google.gwt.dev.DevMode -startupUrl Partnerboerse.html -logLevel INFO -war C:\Users\annina\git\Partnerboerse\Partnerboerse\war -server com.google.appengine.tools.development.gwt.AppEngineLauncher -port 8888 -remoteUI 60711:295351766009167 -codeServerPort 9997 de.hdm.gruppe7.partnerboerse.Partnerboerse
java_class_path (initial): C:\Users\annina\git\Partnerboerse\Partnerboerse\src;C:\Users\annina\git\Partnerboerse\Partnerboerse\war\WEB-INF\classes;C:\Users\annina\Downloads\Programme\Programmierprogramme\Eclipse, Java\eclipse-java-luna-SR1-win32-x86_64\eclipse\plugins\com.google.appengine.eclipse.sdkbundle_1.9.34\appengine-java-sdk-1.9.34\lib\shared\appengine-local-runtime-shared.jar;C:\Users\annina\Downloads\Programme\Programmierprogramme\Eclipse, Java\eclipse-java-luna-SR1-win32-x86_64\eclipse\plugins\com.google.appengine.eclipse.sdkbundle_1.9.34\appengine-java-sdk-1.9.34\lib\shared\el-api.jar;C:\Users\annina\Downloads\Programme\Programmierprogramme\Eclipse, Java\eclipse-java-luna-SR1-win32-x86_64\eclipse\plugins\com.google.appengine.eclipse.sdkbundle_1.9.34\appengine-java-sdk-1.9.34\lib\shared\jsp\repackaged-appengine-ant-1.7.1.jar;C:\Users\annina\Downloads\Programme\Programmierprogramme\Eclipse, Java\eclipse-java-luna-SR1-win32-x86_64\eclipse\plugins\com.google.appengine.eclipse.sdkbundle_1.9.34\appengine-java-sdk-1.9.34\lib\shared\jsp\repackaged-appengine-ant-launcher-1.7.1.jar;C:\Users\annina\Downloads\Programme\Programmierprogramme\Eclipse, Java\eclipse-java-luna-SR1-win32-x86_64\eclipse\plugins\com.google.appengine.eclipse.sdkbundle_1.9.34\appengine-java-sdk-1.9.34\lib\shared\jsp\repackaged-appengine-jasper-6.0.29.jar;C:\Users\annina\Downloads\Programme\Programmierprogramme\Eclipse, Java\eclipse-java-luna-SR1-win32-x86_64\eclipse\plugins\com.google.appengine.eclipse.sdkbundle_1.9.34\appengine-java-sdk-1.9.34\lib\shared\jsp\repackaged-appengine-jasper-el-6.0.29.jar;C:\Users\annina\Downloads\Programme\Programmierprogramme\Eclipse, Java\eclipse-java-luna-SR1-win32-x86_64\eclipse\plugins\com.google.appengine.eclipse.sdkbundle_1.9.34\appengine-java-sdk-1.9.34\lib\shared\jsp\repackaged-appengine-tomcat-juli-6.0.29.jar;C:\Users\annina\Downloads\Programme\Programmierprogramme\Eclipse, Java\eclipse-java-luna-SR1-win32-x86_64\eclipse\plugins\com.google.appengine.ecl
Launcher Type: SUN_STANDARD

Environment Variables:
JAVA_HOME=C:\Program Files\Java\jdk1.8.0_25
PATH=C:/Program Files/Java/jre1.8.0_25/bin/server;C:/Program Files/Java/jre1.8.0_25/bin;C:/Program Files/Java/jre1.8.0_25/lib/amd64;C:\ProgramData\Oracle\Java\javapath;C:\WINDOWS\system32;C:\WINDOWS;C:\WINDOWS\System32\Wbem;C:\WINDOWS\System32\WindowsPowerShell\v1.0\;C:\Program Files (x86)\ATI Technologies\ATI.ACE\Core-Static;C:\Program Files (x86)\Skype\Phone;C:\Program Files (x86)\QuickTime\QTSystem;C:\Program Files\Apache\maven\bin;C:\Users\annina\Downloads\Programme\Programmierprogramme\Eclipse, Java\eclipse-java-luna-SR1-win32-x86_64\eclipse;
USERNAME=annina
OS=Windows_NT
PROCESSOR_IDENTIFIER=AMD64 Family 22 Model 48 Stepping 1, AuthenticAMD



---------------  S Y S T E M  ---------------

OS: Windows 8.1 , 64 bit Build 9600 

CPU:total 4 (4 cores per cpu, 1 threads per core) family 22 model 48 stepping 1, cmov, cx8, fxsr, mmx, sse, sse2, sse3, ssse3, sse4.1, sse4.2, popcnt, avx, aes, clmul, mmxext, 3dnowpref, lzcnt, sse4a, tsc, tscinvbit, tscinv, bmi1

Memory: 4k page, physical 3599348k(659280k free), swap 14609396k(500k free)

vm_info: Java HotSpot(TM) 64-Bit Server VM (25.25-b02) for windows-amd64 JRE (1.8.0_25-b18), built on Oct  7 2014 14:25:37 by "java_re" with MS VC++ 10.0 (VS2010)

time: Sat Jun 18 21:00:15 2016
elapsed time: 784 seconds (0d 0h 13m 4s)

