#
# There is insufficient memory for the Java Runtime Environment to continue.
# Native memory allocation (malloc) failed to allocate 1758816 bytes for Chunk::new
# Possible reasons:
#   The system is out of physical RAM or swap space
#   In 32 bit mode, the process size limit was hit
# Possible solutions:
#   Reduce memory load on the system
#   Increase physical memory or swap space
#   Check if swap backing store is full
#   Use 64 bit Java on a 64 bit OS
#   Decrease Java heap size (-Xmx/-Xms)
#   Decrease number of Java threads
#   Decrease Java thread stack sizes (-Xss)
#   Set larger code cache with -XX:ReservedCodeCacheSize=
# This output file may be truncated or incomplete.
#
#  Out of Memory Error (allocation.cpp:390), pid=8628, tid=10500
#
# JRE version: Java(TM) SE Runtime Environment (8.0_25-b18) (build 1.8.0_25-b18)
# Java VM: Java HotSpot(TM) 64-Bit Server VM (25.25-b02 mixed mode windows-amd64 compressed oops)
# Failed to write core dump. Minidumps are not enabled by default on client versions of Windows
#

---------------  T H R E A D  ---------------

Current thread (0x00000000150d6800):  JavaThread "C2 CompilerThread0" daemon [_thread_in_native, id=10500, stack(0x0000000015270000,0x0000000015370000)]

Stack: [0x0000000015270000,0x0000000015370000]
Native frames: (J=compiled Java code, j=interpreted, Vv=VM code, C=native code)
V  [jvm.dll+0x31667a]
V  [jvm.dll+0x267073]
V  [jvm.dll+0x267cb3]
V  [jvm.dll+0x25f5b5]
V  [jvm.dll+0xbf165]
V  [jvm.dll+0xbf60c]
V  [jvm.dll+0x45d672]
V  [jvm.dll+0x49e8ef]
V  [jvm.dll+0x4524ef]
V  [jvm.dll+0x453864]
V  [jvm.dll+0x437372]
V  [jvm.dll+0x98a02]
V  [jvm.dll+0x991f3]
V  [jvm.dll+0x22bde4]
V  [jvm.dll+0x2852fa]
C  [msvcr100.dll+0x21d9f]
C  [msvcr100.dll+0x21e3b]
C  [KERNEL32.DLL+0x18102]
C  [ntdll.dll+0x5c5b4]


Current CompileTask:
C2: 856717 11081       4       com.google.gwt.dev.jjs.impl.JsTypeLinker::linkOne (151 bytes)


---------------  P R O C E S S  ---------------

Java Threads: ( => current thread )
  0x0000000016ab3000 JavaThread "pool-4-thread-3" daemon [_thread_blocked, id=14588, stack(0x0000000020ce0000,0x0000000020de0000)]
  0x0000000016ab2000 JavaThread "1248455186@qtp-2119806883-4" [_thread_blocked, id=10672, stack(0x0000000020be0000,0x0000000020ce0000)]
  0x0000000016aad800 JavaThread "476190688@qtp-2119806883-3" [_thread_blocked, id=5692, stack(0x00000000208e0000,0x00000000209e0000)]
  0x0000000016aaa800 JavaThread "Timer-3" daemon [_thread_blocked, id=5264, stack(0x00000000206e0000,0x00000000207e0000)]
  0x0000000016aae800 JavaThread "2079117258@qtp-2119806883-1 - Acceptor0 SelectChannelConnector@0.0.0.0:8888" [_thread_in_native, id=4700, stack(0x00000000205e0000,0x00000000206e0000)]
  0x0000000016aaf000 JavaThread "1127564715@qtp-2119806883-0" [_thread_blocked, id=14224, stack(0x00000000204e0000,0x00000000205e0000)]
  0x0000000016ab0800 JavaThread "Abandoned connection cleanup thread" daemon [_thread_blocked, id=3020, stack(0x000000001f7e0000,0x000000001f8e0000)]
  0x0000000016760800 JavaThread "Abandoned connection cleanup thread" daemon [_thread_blocked, id=11688, stack(0x000000001e4e0000,0x000000001e5e0000)]
  0x0000000016763800 JavaThread "Java2D Disposer" daemon [_thread_blocked, id=9900, stack(0x000000001dde0000,0x000000001dee0000)]
  0x000000001675f800 JavaThread "pool-5-thread-1" [_thread_blocked, id=3184, stack(0x000000001d2e0000,0x000000001d3e0000)]
  0x0000000016765800 JavaThread "qtp637683905-35" [_thread_blocked, id=13808, stack(0x000000001cae0000,0x000000001cbe0000)]
  0x000000001675f000 JavaThread "qtp637683905-34" [_thread_blocked, id=8624, stack(0x000000001c9e0000,0x000000001cae0000)]
  0x0000000016762800 JavaThread "qtp637683905-33" [_thread_blocked, id=3576, stack(0x000000001c8e0000,0x000000001c9e0000)]
  0x0000000016762000 JavaThread "qtp637683905-32" [_thread_blocked, id=11828, stack(0x000000001c7e0000,0x000000001c8e0000)]
  0x0000000018cd8800 JavaThread "qtp637683905-31" [_thread_blocked, id=14852, stack(0x000000001c6e0000,0x000000001c7e0000)]
  0x000000001888b800 JavaThread "qtp637683905-30" [_thread_blocked, id=1084, stack(0x000000001c5e0000,0x000000001c6e0000)]
  0x00000000165d2800 JavaThread "qtp637683905-29 Selector0" [_thread_in_native, id=9476, stack(0x000000001c4e0000,0x000000001c5e0000)]
  0x000000001879b800 JavaThread "qtp637683905-28 Acceptor0 SelectChannelConnector@127.0.0.1:9876" [_thread_in_native, id=14356, stack(0x000000001c3e0000,0x000000001c4e0000)]
  0x000000001a1a3000 JavaThread "HashSessionScavenger-0" daemon [_thread_blocked, id=12656, stack(0x000000001b300000,0x000000001b400000)]
  0x0000000015cd5800 JavaThread "pool-1-thread-1" [_thread_blocked, id=11748, stack(0x0000000017580000,0x0000000017680000)]
  0x0000000015a48800 JavaThread "Thread-2" daemon [_thread_blocked, id=13492, stack(0x00000000163b0000,0x00000000164b0000)]
  0x0000000015a48000 JavaThread "Thread-1" [_thread_in_native, id=11932, stack(0x00000000162b0000,0x00000000163b0000)]
  0x0000000015149000 JavaThread "Service Thread" daemon [_thread_blocked, id=15348, stack(0x0000000015570000,0x0000000015670000)]
  0x00000000150e2800 JavaThread "C1 CompilerThread2" daemon [_thread_blocked, id=9480, stack(0x0000000015470000,0x0000000015570000)]
  0x00000000150e0800 JavaThread "C2 CompilerThread1" daemon [_thread_blocked, id=11800, stack(0x0000000015370000,0x0000000015470000)]
=>0x00000000150d6800 JavaThread "C2 CompilerThread0" daemon [_thread_in_native, id=10500, stack(0x0000000015270000,0x0000000015370000)]
  0x0000000013903800 JavaThread "Attach Listener" daemon [_thread_blocked, id=4396, stack(0x0000000014d70000,0x0000000014e70000)]
  0x0000000013902800 JavaThread "Signal Dispatcher" daemon [_thread_blocked, id=904, stack(0x0000000014c70000,0x0000000014d70000)]
  0x00000000024d6000 JavaThread "Finalizer" daemon [_thread_blocked, id=9096, stack(0x0000000014b70000,0x0000000014c70000)]
  0x00000000024cf000 JavaThread "Reference Handler" daemon [_thread_blocked, id=8836, stack(0x0000000014a70000,0x0000000014b70000)]
  0x00000000023e4000 JavaThread "main" [_thread_blocked, id=10580, stack(0x0000000002170000,0x0000000002270000)]

Other Threads:
  0x00000000138c5800 VMThread [stack: 0x0000000014970000,0x0000000014a70000] [id=5924]
  0x000000001514c800 WatcherThread [stack: 0x0000000015670000,0x0000000015770000] [id=10952]

VM state:not at safepoint (normal execution)

VM Mutex/Monitor currently owned by a thread: None

Heap:
 PSYoungGen      total 114688K, used 69506K [0x00000000f5580000, 0x00000000ffd00000, 0x0000000100000000)
  eden space 63488K, 66% used [0x00000000f5580000,0x00000000f7e8bee0,0x00000000f9380000)
  from space 51200K, 53% used [0x00000000f9380000,0x00000000fae54b10,0x00000000fc580000)
  to   space 51200K, 0% used [0x00000000fcb00000,0x00000000fcb00000,0x00000000ffd00000)
 ParOldGen       total 261120K, used 199899K [0x00000000e0000000, 0x00000000eff00000, 0x00000000f5580000)
  object space 261120K, 76% used [0x00000000e0000000,0x00000000ec336f40,0x00000000eff00000)
 Metaspace       used 56749K, capacity 57704K, committed 57816K, reserved 1099776K
  class space    used 6434K, capacity 6630K, committed 6656K, reserved 1048576K

Card table byte_map: [0x00000000118a0000,0x00000000119b0000] byte_map_base: 0x00000000111a0000

Marking Bits: (ParMarkBitMap*) 0x000000005191d490
 Begin Bits: [0x0000000011e60000, 0x0000000012660000)
 End Bits:   [0x0000000012660000, 0x0000000012e60000)

Polling page: 0x0000000000980000

CodeCache: size=245760Kb used=28259Kb max_used=28259Kb free=217500Kb
 bounds [0x00000000024e0000, 0x00000000040b0000, 0x00000000114e0000]
 total_blobs=8651 nmethods=8057 adapters=504
 compilation: enabled

Compilation events (10 events):
Event: 855.831 Thread 0x00000000150e2800 11143   !   3       org.eclipse.jetty.io.nio.SelectChannelEndPoint::doUpdateKey (267 bytes)
Event: 855.834 Thread 0x00000000150e2800 nmethod 11143 0x00000000038f3e90 code [0x00000000038f4140, 0x00000000038f5588]
Event: 855.952 Thread 0x00000000150e2800 11144       3       org.eclipse.jetty.io.BufferUtil::putHexInt (183 bytes)
Event: 855.955 Thread 0x00000000150e2800 nmethod 11144 0x00000000038f0210 code [0x00000000038f0560, 0x00000000038f3258]
Event: 856.013 Thread 0x00000000150e2800 11145       3       org.eclipse.jetty.util.thread.QueuedThreadPool::isLowOnThreads (39 bytes)
Event: 856.014 Thread 0x00000000150e2800 nmethod 11145 0x00000000038efb90 code [0x00000000038efd00, 0x00000000038f0108]
Event: 856.014 Thread 0x00000000150e2800 11146       3       org.eclipse.jetty.server.AbstractConnector::isLowResources (30 bytes)
Event: 856.015 Thread 0x00000000150e2800 nmethod 11146 0x00000000038ef5d0 code [0x00000000038ef760, 0x00000000038efa38]
Event: 856.035 Thread 0x00000000150e2800 11147   !   3       org.eclipse.jetty.io.nio.SelectChannelEndPoint::blockWritable (223 bytes)
Event: 856.038 Thread 0x00000000150e2800 nmethod 11147 0x00000000040a8590 code [0x00000000040a8840, 0x00000000040a9c18]

GC Heap History (10 events):
Event: 848.474 GC heap before
{Heap before GC invocations=66 (full 5):
 PSYoungGen      total 116736K, used 106039K [0x00000000f5580000, 0x0000000100000000, 0x0000000100000000)
  eden space 70144K, 100% used [0x00000000f5580000,0x00000000f9a00000,0x00000000f9a00000)
  from space 46592K, 77% used [0x00000000fcc80000,0x00000000fef8de38,0x00000000ffa00000)
  to   space 51712K, 0% used [0x00000000f9a00000,0x00000000f9a00000,0x00000000fcc80000)
 ParOldGen       total 261120K, used 182776K [0x00000000e0000000, 0x00000000eff00000, 0x00000000f5580000)
  object space 261120K, 69% used [0x00000000e0000000,0x00000000eb27e3f0,0x00000000eff00000)
 Metaspace       used 56691K, capacity 57634K, committed 57816K, reserved 1099776K
  class space    used 6433K, capacity 6629K, committed 6656K, reserved 1048576K
Event: 848.576 GC heap after
Heap after GC invocations=66 (full 5):
 PSYoungGen      total 117248K, used 46773K [0x00000000f5580000, 0x0000000100000000, 0x0000000100000000)
  eden space 70144K, 0% used [0x00000000f5580000,0x00000000f5580000,0x00000000f9a00000)
  from space 47104K, 99% used [0x00000000f9a00000,0x00000000fc7ad5a0,0x00000000fc800000)
  to   space 57344K, 0% used [0x00000000fc800000,0x00000000fc800000,0x0000000100000000)
 ParOldGen       total 261120K, used 182776K [0x00000000e0000000, 0x00000000eff00000, 0x00000000f5580000)
  object space 261120K, 69% used [0x00000000e0000000,0x00000000eb27e3f0,0x00000000eff00000)
 Metaspace       used 56691K, capacity 57634K, committed 57816K, reserved 1099776K
  class space    used 6433K, capacity 6629K, committed 6656K, reserved 1048576K
}
Event: 852.988 GC heap before
{Heap before GC invocations=67 (full 5):
 PSYoungGen      total 117248K, used 116917K [0x00000000f5580000, 0x0000000100000000, 0x0000000100000000)
  eden space 70144K, 100% used [0x00000000f5580000,0x00000000f9a00000,0x00000000f9a00000)
  from space 47104K, 99% used [0x00000000f9a00000,0x00000000fc7ad5a0,0x00000000fc800000)
  to   space 57344K, 0% used [0x00000000fc800000,0x00000000fc800000,0x0000000100000000)
 ParOldGen       total 261120K, used 182776K [0x00000000e0000000, 0x00000000eff00000, 0x00000000f5580000)
  object space 261120K, 69% used [0x00000000e0000000,0x00000000eb27e3f0,0x00000000eff00000)
 Metaspace       used 56698K, capacity 57640K, committed 57816K, reserved 1099776K
  class space    used 6434K, capacity 6630K, committed 6656K, reserved 1048576K
Event: 853.094 GC heap after
Heap after GC invocations=67 (full 5):
 PSYoungGen      total 117760K, used 11680K [0x00000000f5580000, 0x0000000100000000, 0x0000000100000000)
  eden space 60416K, 0% used [0x00000000f5580000,0x00000000f5580000,0x00000000f9080000)
  from space 57344K, 20% used [0x00000000fc800000,0x00000000fd368170,0x0000000100000000)
  to   space 56832K, 0% used [0x00000000f9080000,0x00000000f9080000,0x00000000fc800000)
 ParOldGen       total 261120K, used 191355K [0x00000000e0000000, 0x00000000eff00000, 0x00000000f5580000)
  object space 261120K, 73% used [0x00000000e0000000,0x00000000ebaded10,0x00000000eff00000)
 Metaspace       used 56698K, capacity 57640K, committed 57816K, reserved 1099776K
  class space    used 6434K, capacity 6630K, committed 6656K, reserved 1048576K
}
Event: 854.710 GC heap before
{Heap before GC invocations=68 (full 5):
 PSYoungGen      total 117760K, used 69057K [0x00000000f5580000, 0x0000000100000000, 0x0000000100000000)
  eden space 60416K, 94% used [0x00000000f5580000,0x00000000f8d88500,0x00000000f9080000)
  from space 57344K, 20% used [0x00000000fc800000,0x00000000fd368170,0x0000000100000000)
  to   space 56832K, 0% used [0x00000000f9080000,0x00000000f9080000,0x00000000fc800000)
 ParOldGen       total 261120K, used 191355K [0x00000000e0000000, 0x00000000eff00000, 0x00000000f5580000)
  object space 261120K, 73% used [0x00000000e0000000,0x00000000ebaded10,0x00000000eff00000)
 Metaspace       used 56701K, capacity 57640K, committed 57816K, reserved 1099776K
  class space    used 6434K, capacity 6630K, committed 6656K, reserved 1048576K
Event: 854.739 GC heap after
Heap after GC invocations=68 (full 5):
 PSYoungGen      total 82432K, used 21861K [0x00000000f5580000, 0x00000000ffa80000, 0x0000000100000000)
  eden space 60416K, 0% used [0x00000000f5580000,0x00000000f5580000,0x00000000f9080000)
  from space 22016K, 99% used [0x00000000f9080000,0x00000000fa5d97e8,0x00000000fa600000)
  to   space 54272K, 0% used [0x00000000fc580000,0x00000000fc580000,0x00000000ffa80000)
 ParOldGen       total 261120K, used 191395K [0x00000000e0000000, 0x00000000eff00000, 0x00000000f5580000)
  object space 261120K, 73% used [0x00000000e0000000,0x00000000ebae8d10,0x00000000eff00000)
 Metaspace       used 56701K, capacity 57640K, committed 57816K, reserved 1099776K
  class space    used 6434K, capacity 6630K, committed 6656K, reserved 1048576K
}
Event: 854.878 GC heap before
{Heap before GC invocations=69 (full 5):
 PSYoungGen      total 82432K, used 80195K [0x00000000f5580000, 0x00000000ffa80000, 0x0000000100000000)
  eden space 60416K, 96% used [0x00000000f5580000,0x00000000f8e77700,0x00000000f9080000)
  from space 22016K, 99% used [0x00000000f9080000,0x00000000fa5d97e8,0x00000000fa600000)
  to   space 54272K, 0% used [0x00000000fc580000,0x00000000fc580000,0x00000000ffa80000)
 ParOldGen       total 261120K, used 191395K [0x00000000e0000000, 0x00000000eff00000, 0x00000000f5580000)
  object space 261120K, 73% used [0x00000000e0000000,0x00000000ebae8d10,0x00000000eff00000)
 Metaspace       used 56701K, capacity 57640K, committed 57816K, reserved 1099776K
  class space    used 6434K, capacity 6630K, committed 6656K, reserved 1048576K
Event: 854.906 GC heap after
Heap after GC invocations=69 (full 5):
 PSYoungGen      total 117760K, used 19447K [0x00000000f5580000, 0x00000000ffb80000, 0x0000000100000000)
  eden space 63488K, 0% used [0x00000000f5580000,0x00000000f5580000,0x00000000f9380000)
  from space 54272K, 35% used [0x00000000fc580000,0x00000000fd87de58,0x00000000ffa80000)
  to   space 51200K, 0% used [0x00000000f9380000,0x00000000f9380000,0x00000000fc580000)
 ParOldGen       total 261120K, used 191395K [0x00000000e0000000, 0x00000000eff00000, 0x00000000f5580000)
  object space 261120K, 73% used [0x00000000e0000000,0x00000000ebae8d10,0x00000000eff00000)
 Metaspace       used 56701K, capacity 57640K, committed 57816K, reserved 1099776K
  class space    used 6434K, capacity 6630K, committed 6656K, reserved 1048576K
}
Event: 854.955 GC heap before
{Heap before GC invocations=70 (full 5):
 PSYoungGen      total 117760K, used 82889K [0x00000000f5580000, 0x00000000ffb80000, 0x0000000100000000)
  eden space 63488K, 99% used [0x00000000f5580000,0x00000000f93748c8,0x00000000f9380000)
  from space 54272K, 35% used [0x00000000fc580000,0x00000000fd87de58,0x00000000ffa80000)
  to   space 51200K, 0% used [0x00000000f9380000,0x00000000f9380000,0x00000000fc580000)
 ParOldGen       total 261120K, used 191395K [0x00000000e0000000, 0x00000000eff00000, 0x00000000f5580000)
  object space 261120K, 73% used [0x00000000e0000000,0x00000000ebae8d10,0x00000000eff00000)
 Metaspace       used 56701K, capacity 57640K, committed 57816K, reserved 1099776K
  class space    used 6434K, capacity 6630K, committed 6656K, reserved 1048576K
Event: 855.010 GC heap after
Heap after GC invocations=70 (full 5):
 PSYoungGen      total 114688K, used 27474K [0x00000000f5580000, 0x00000000ffd00000, 0x0000000100000000)
  eden space 63488K, 0% used [0x00000000f5580000,0x00000000f5580000,0x00000000f9380000)
  from space 51200K, 53% used [0x00000000f9380000,0x00000000fae54b10,0x00000000fc580000)
  to   space 51200K, 0% used [0x00000000fcb00000,0x00000000fcb00000,0x00000000ffd00000)
 ParOldGen       total 261120K, used 199899K [0x00000000e0000000, 0x00000000eff00000, 0x00000000f5580000)
  object space 261120K, 76% used [0x00000000e0000000,0x00000000ec336f40,0x00000000eff00000)
 Metaspace       used 56701K, capacity 57640K, committed 57816K, reserved 1099776K
  class space    used 6434K, capacity 6630K, committed 6656K, reserved 1048576K
}

Deoptimization events (10 events):
Event: 854.136 Thread 0x000000001675f800 Uncommon trap: reason=array_check action=maybe_recompile pc=0x0000000003f36c78 method=java.util.TimSort.mergeLo(IIII)V @ 212
Event: 854.177 Thread 0x000000001675f800 Uncommon trap: reason=array_check action=maybe_recompile pc=0x0000000003d54e80 method=java.util.TimSort.mergeHi(IIII)V @ 282
Event: 854.177 Thread 0x000000001675f800 Uncommon trap: reason=array_check action=maybe_recompile pc=0x00000000040729a4 method=java.util.TimSort.mergeLo(IIII)V @ 212
Event: 854.177 Thread 0x000000001675f800 Uncommon trap: reason=array_check action=maybe_recompile pc=0x0000000003f36c78 method=java.util.TimSort.mergeLo(IIII)V @ 212
Event: 854.208 Thread 0x000000001675f800 Uncommon trap: reason=array_check action=maybe_recompile pc=0x00000000040752d8 method=java.util.TimSort.mergeHi(IIII)V @ 657
Event: 854.209 Thread 0x000000001675f800 Uncommon trap: reason=array_check action=maybe_recompile pc=0x00000000040752d8 method=java.util.TimSort.mergeHi(IIII)V @ 657
Event: 854.806 Thread 0x0000000016ab0000 Uncommon trap: reason=class_check action=maybe_recompile pc=0x00000000033d2b28 method=com.google.gwt.thirdparty.debugging.sourcemap.SourceMapGeneratorV3$LineMapper.openLine(Z)V @ 10
Event: 855.030 Thread 0x000000001675f800 Uncommon trap: reason=bimorphic action=maybe_recompile pc=0x0000000003605910 method=com.google.gwt.thirdparty.guava.common.collect.Iterators.addAll(Ljava/util/Collection;Ljava/util/Iterator;)Z @ 13
Event: 855.150 Thread 0x000000001675f800 Uncommon trap: reason=class_check action=maybe_recompile pc=0x0000000002cb3504 method=java.util.Hashtable.get(Ljava/lang/Object;)Ljava/lang/Object; @ 45
Event: 855.152 Thread 0x000000001675f800 Uncommon trap: reason=predicate action=maybe_recompile pc=0x0000000003dba0d0 method=com.google.gwt.dev.js.JsToStringGenerationVisitor.printJsBlock(Lcom/google/gwt/dev/js/ast/JsBlock;ZZ)V @ 47

Internal exceptions (10 events):
Event: 797.128 Thread 0x0000000015a48000 Exception <a 'java/security/PrivilegedActionException'> (0x00000000f66da848) thrown at [D:\re\workspace\8-2-build-windows-amd64-cygwin\jdk8u25\1677\hotspot\src\share\vm\prims\jvm.cpp, line 1312]
Event: 797.149 Thread 0x0000000015a48000 Exception <a 'java/security/PrivilegedActionException'> (0x00000000f677a510) thrown at [D:\re\workspace\8-2-build-windows-amd64-cygwin\jdk8u25\1677\hotspot\src\share\vm\prims\jvm.cpp, line 1312]
Event: 797.161 Thread 0x0000000015a48000 Exception <a 'java/security/PrivilegedActionException'> (0x00000000f67a62b8) thrown at [D:\re\workspace\8-2-build-windows-amd64-cygwin\jdk8u25\1677\hotspot\src\share\vm\prims\jvm.cpp, line 1312]
Event: 797.163 Thread 0x0000000015a48000 Exception <a 'java/security/PrivilegedActionException'> (0x00000000f67b5e18) thrown at [D:\re\workspace\8-2-build-windows-amd64-cygwin\jdk8u25\1677\hotspot\src\share\vm\prims\jvm.cpp, line 1312]
Event: 797.166 Thread 0x0000000015a48000 Exception <a 'java/security/PrivilegedActionException'> (0x00000000f68155d0) thrown at [D:\re\workspace\8-2-build-windows-amd64-cygwin\jdk8u25\1677\hotspot\src\share\vm\prims\jvm.cpp, line 1312]
Event: 797.168 Thread 0x0000000015a48000 Exception <a 'java/security/PrivilegedActionException'> (0x00000000f681e200) thrown at [D:\re\workspace\8-2-build-windows-amd64-cygwin\jdk8u25\1677\hotspot\src\share\vm\prims\jvm.cpp, line 1312]
Event: 797.170 Thread 0x0000000015a48000 Exception <a 'java/security/PrivilegedActionException'> (0x00000000f6841cd0) thrown at [D:\re\workspace\8-2-build-windows-amd64-cygwin\jdk8u25\1677\hotspot\src\share\vm\prims\jvm.cpp, line 1312]
Event: 797.170 Thread 0x0000000015a48000 Exception <a 'java/security/PrivilegedActionException'> (0x00000000f68446c8) thrown at [D:\re\workspace\8-2-build-windows-amd64-cygwin\jdk8u25\1677\hotspot\src\share\vm\prims\jvm.cpp, line 1312]
Event: 797.172 Thread 0x0000000015a48000 Exception <a 'java/security/PrivilegedActionException'> (0x00000000f68896a0) thrown at [D:\re\workspace\8-2-build-windows-amd64-cygwin\jdk8u25\1677\hotspot\src\share\vm\prims\jvm.cpp, line 1312]
Event: 819.889 Thread 0x000000001675f800 Exception <a 'java/lang/ArrayIndexOutOfBoundsException'> (0x00000000f86a68c0) thrown at [D:\re\workspace\8-2-build-windows-amd64-cygwin\jdk8u25\1677\hotspot\src\share\vm\runtime\sharedRuntime.cpp, line 604]

Events (10 events):
Event: 855.044 Thread 0x000000001675f800 DEOPT PACKING pc=0x0000000003d7fdf4 sp=0x000000001d3dea80
Event: 855.044 Thread 0x000000001675f800 DEOPT UNPACKING pc=0x00000000025271bf sp=0x000000001d3de860 mode 0
Event: 855.067 Thread 0x000000001675f800 DEOPT PACKING pc=0x00000000031b3d8b sp=0x000000001d3deb40
Event: 855.067 Thread 0x000000001675f800 DEOPT UNPACKING pc=0x00000000025271bf sp=0x000000001d3de8a8 mode 0
Event: 855.150 Thread 0x000000001675f800 Uncommon trap: trap_request=0xffffffde fr.pc=0x0000000002cb3504
Event: 855.150 Thread 0x000000001675f800 DEOPT PACKING pc=0x0000000002cb3504 sp=0x000000001d3de8b0
Event: 855.150 Thread 0x000000001675f800 DEOPT UNPACKING pc=0x000000000252556a sp=0x000000001d3de860 mode 2
Event: 855.152 Thread 0x000000001675f800 Uncommon trap: trap_request=0xffffff86 fr.pc=0x0000000003dba0d0
Event: 855.152 Thread 0x000000001675f800 DEOPT PACKING pc=0x0000000003dba0d0 sp=0x000000001d3de800
Event: 855.152 Thread 0x000000001675f800 DEOPT UNPACKING pc=0x000000000252556a sp=0x000000001d3de7f8 mode 2


Dynamic libraries:
0x00007ff789460000 - 0x00007ff789494000 	C:\Program Files\Java\jre1.8.0_25\bin\javaw.exe
0x00007ffa63b60000 - 0x00007ffa63d21000 	C:\WINDOWS\SYSTEM32\ntdll.dll
0x00007ffa633b0000 - 0x00007ffa6345d000 	C:\WINDOWS\system32\KERNEL32.DLL
0x00007ffa60b50000 - 0x00007ffa60d38000 	C:\WINDOWS\system32\KERNELBASE.dll
0x00007ffa610f0000 - 0x00007ffa61197000 	C:\WINDOWS\system32\ADVAPI32.dll
0x00007ffa631b0000 - 0x00007ffa6324d000 	C:\WINDOWS\system32\msvcrt.dll
0x00007ffa62db0000 - 0x00007ffa62e0b000 	C:\WINDOWS\system32\sechost.dll
0x00007ffa63090000 - 0x00007ffa631ac000 	C:\WINDOWS\system32\RPCRT4.dll
0x00007ffa63250000 - 0x00007ffa633a6000 	C:\WINDOWS\system32\USER32.dll
0x00007ffa60f60000 - 0x00007ffa610e6000 	C:\WINDOWS\system32\GDI32.dll
0x00007ffa54930000 - 0x00007ffa54ba4000 	C:\WINDOWS\WinSxS\amd64_microsoft.windows.common-controls_6595b64144ccf1df_6.0.10586.0_none_8c15ae12515e1c22\COMCTL32.dll
0x00007ffa62e10000 - 0x00007ffa6308d000 	C:\WINDOWS\system32\combase.dll
0x00007ffa608f0000 - 0x00007ffa6095a000 	C:\WINDOWS\system32\bcryptPrimitives.dll
0x00007ffa611a0000 - 0x00007ffa611db000 	C:\WINDOWS\system32\IMM32.DLL
0x0000000050b10000 - 0x0000000050be2000 	C:\Program Files\Java\jre1.8.0_25\bin\msvcr100.dll
0x0000000051140000 - 0x000000005199a000 	C:\Program Files\Java\jre1.8.0_25\bin\server\jvm.dll
0x00007ffa62c40000 - 0x00007ffa62c48000 	C:\WINDOWS\system32\PSAPI.DLL
0x00007ffa57cc0000 - 0x00007ffa57cc9000 	C:\WINDOWS\SYSTEM32\WSOCK32.dll
0x00007ffa5e400000 - 0x00007ffa5e423000 	C:\WINDOWS\SYSTEM32\WINMM.dll
0x00007ffa61310000 - 0x00007ffa6137b000 	C:\WINDOWS\system32\WS2_32.dll
0x00007ffa5e3a0000 - 0x00007ffa5e3cc000 	C:\WINDOWS\SYSTEM32\WINMMBASE.dll
0x00007ffa60d40000 - 0x00007ffa60d83000 	C:\WINDOWS\system32\cfgmgr32.dll
0x0000000051130000 - 0x000000005113f000 	C:\Program Files\Java\jre1.8.0_25\bin\verify.dll
0x0000000051100000 - 0x0000000051128000 	C:\Program Files\Java\jre1.8.0_25\bin\java.dll
0x0000000050ae0000 - 0x0000000050b03000 	C:\Program Files\Java\jre1.8.0_25\bin\instrument.dll
0x00000000510e0000 - 0x00000000510f6000 	C:\Program Files\Java\jre1.8.0_25\bin\zip.dll
0x00007ffa61530000 - 0x00007ffa62a8c000 	C:\WINDOWS\system32\SHELL32.dll
0x00007ffa602a0000 - 0x00007ffa608e4000 	C:\WINDOWS\system32\windows.storage.dll
0x00007ffa63a30000 - 0x00007ffa63a82000 	C:\WINDOWS\system32\shlwapi.dll
0x00007ffa60200000 - 0x00007ffa6020f000 	C:\WINDOWS\system32\kernel.appcore.dll
0x00007ffa609c0000 - 0x00007ffa60a75000 	C:\WINDOWS\system32\shcore.dll
0x00007ffa60180000 - 0x00007ffa601cb000 	C:\WINDOWS\system32\powrprof.dll
0x00007ffa601d0000 - 0x00007ffa601e4000 	C:\WINDOWS\system32\profapi.dll
0x00000000510c0000 - 0x00000000510da000 	C:\Program Files\Java\jre1.8.0_25\bin\net.dll
0x00007ffa5fa50000 - 0x00007ffa5faac000 	C:\WINDOWS\system32\mswsock.dll
0x00007ffa5ebf0000 - 0x00007ffa5ec9a000 	C:\WINDOWS\SYSTEM32\DNSAPI.dll
0x00007ffa61300000 - 0x00007ffa61308000 	C:\WINDOWS\system32\NSI.dll
0x0000000052b00000 - 0x0000000052b26000 	C:\Program Files\Bonjour\mdnsNSP.dll
0x00007ffa584f0000 - 0x00007ffa58528000 	C:\WINDOWS\SYSTEM32\Iphlpapi.DLL
0x00007ffa57d40000 - 0x00007ffa57d4a000 	C:\Windows\System32\rasadhlp.dll
0x00007ffa58140000 - 0x00007ffa581a7000 	C:\WINDOWS\System32\fwpuclnt.dll
0x00007ffa600b0000 - 0x00007ffa600d9000 	C:\WINDOWS\SYSTEM32\bcrypt.dll
0x00007ffa5fb00000 - 0x00007ffa5fb17000 	C:\WINDOWS\SYSTEM32\CRYPTSP.dll
0x00007ffa5f790000 - 0x00007ffa5f7c4000 	C:\WINDOWS\system32\rsaenh.dll
0x00007ffa5f8e0000 - 0x00007ffa5f8ff000 	C:\WINDOWS\SYSTEM32\USERENV.dll
0x00007ffa5fc20000 - 0x00007ffa5fc2b000 	C:\WINDOWS\SYSTEM32\CRYPTBASE.dll
0x00007ffa584d0000 - 0x00007ffa584e6000 	C:\WINDOWS\SYSTEM32\dhcpcsvc6.DLL
0x00007ffa584b0000 - 0x00007ffa584ca000 	C:\WINDOWS\SYSTEM32\dhcpcsvc.DLL
0x00000000510a0000 - 0x00000000510b1000 	C:\Program Files\Java\jre1.8.0_25\bin\nio.dll
0x00007ffa37580000 - 0x00007ffa37596000 	C:\WINDOWS\system32\napinsp.dll
0x00007ffa37560000 - 0x00007ffa3757a000 	C:\WINDOWS\system32\pnrpnsp.dll
0x00007ffa5e160000 - 0x00007ffa5e178000 	C:\WINDOWS\system32\NLAapi.dll
0x00007ffa3bea0000 - 0x00007ffa3bead000 	C:\WINDOWS\System32\winrnr.dll
0x00007ffa5cbc0000 - 0x00007ffa5cbd5000 	C:\WINDOWS\System32\wshbth.dll
0x0000000050ad0000 - 0x0000000050add000 	C:\Program Files\Java\jre1.8.0_25\bin\management.dll
0x0000000050930000 - 0x0000000050ac8000 	C:\Program Files\Java\jre1.8.0_25\bin\awt.dll
0x00007ffa634d0000 - 0x00007ffa63591000 	C:\WINDOWS\system32\OLEAUT32.dll
0x00007ffa5e8e0000 - 0x00007ffa5e959000 	C:\WINDOWS\system32\apphelp.dll
0x00007ffa5dfd0000 - 0x00007ffa5dff2000 	C:\WINDOWS\system32\DWMAPI.DLL
0x00007ffa5eb00000 - 0x00007ffa5eb96000 	C:\WINDOWS\system32\uxtheme.dll
0x00007ffa49f00000 - 0x00007ffa4a08c000 	C:\WINDOWS\SYSTEM32\dbghelp.dll

VM Arguments:
jvm_args: -Xmx512m -javaagent:C:\Users\annina\Downloads\Programme\Programmierprogramme\Eclipse, Java\eclipse-java-luna-SR1-win32-x86_64\eclipse\plugins\com.google.appengine.eclipse.sdkbundle_1.9.34\appengine-java-sdk-1.9.34\lib\agent\appengine-agent.jar -Dfile.encoding=UTF-8 
java_command: com.google.gwt.dev.DevMode -startupUrl Partnerboerse.html -logLevel INFO -war C:\Users\annina\git\Partnerboerse\Partnerboerse\war -server com.google.appengine.tools.development.gwt.AppEngineLauncher -port 8888 -remoteUI 60711:300010454168248 -codeServerPort 9997 de.hdm.gruppe7.partnerboerse.Partnerboerse
java_class_path (initial): C:\Users\annina\git\Partnerboerse\Partnerboerse\src;C:\Users\annina\git\Partnerboerse\Partnerboerse\war\WEB-INF\classes;C:\Users\annina\Downloads\Programme\Programmierprogramme\Eclipse, Java\eclipse-java-luna-SR1-win32-x86_64\eclipse\plugins\com.google.appengine.eclipse.sdkbundle_1.9.34\appengine-java-sdk-1.9.34\lib\shared\appengine-local-runtime-shared.jar;C:\Users\annina\Downloads\Programme\Programmierprogramme\Eclipse, Java\eclipse-java-luna-SR1-win32-x86_64\eclipse\plugins\com.google.appengine.eclipse.sdkbundle_1.9.34\appengine-java-sdk-1.9.34\lib\shared\el-api.jar;C:\Users\annina\Downloads\Programme\Programmierprogramme\Eclipse, Java\eclipse-java-luna-SR1-win32-x86_64\eclipse\plugins\com.google.appengine.eclipse.sdkbundle_1.9.34\appengine-java-sdk-1.9.34\lib\shared\jsp\repackaged-appengine-ant-1.7.1.jar;C:\Users\annina\Downloads\Programme\Programmierprogramme\Eclipse, Java\eclipse-java-luna-SR1-win32-x86_64\eclipse\plugins\com.google.appengine.eclipse.sdkbundle_1.9.34\appengine-java-sdk-1.9.34\lib\shared\jsp\repackaged-appengine-ant-launcher-1.7.1.jar;C:\Users\annina\Downloads\Programme\Programmierprogramme\Eclipse, Java\eclipse-java-luna-SR1-win32-x86_64\eclipse\plugins\com.google.appengine.eclipse.sdkbundle_1.9.34\appengine-java-sdk-1.9.34\lib\shared\jsp\repackaged-appengine-jasper-6.0.29.jar;C:\Users\annina\Downloads\Programme\Programmierprogramme\Eclipse, Java\eclipse-java-luna-SR1-win32-x86_64\eclipse\plugins\com.google.appengine.eclipse.sdkbundle_1.9.34\appengine-java-sdk-1.9.34\lib\shared\jsp\repackaged-appengine-jasper-el-6.0.29.jar;C:\Users\annina\Downloads\Programme\Programmierprogramme\Eclipse, Java\eclipse-java-luna-SR1-win32-x86_64\eclipse\plugins\com.google.appengine.eclipse.sdkbundle_1.9.34\appengine-java-sdk-1.9.34\lib\shared\jsp\repackaged-appengine-tomcat-juli-6.0.29.jar;C:\Users\annina\Downloads\Programme\Programmierprogramme\Eclipse, Java\eclipse-java-luna-SR1-win32-x86_64\eclipse\plugins\com.google.appengine.ecl
Launcher Type: SUN_STANDARD

Environment Variables:
JAVA_HOME=C:\Program Files\Java\jdk1.8.0_25
PATH=C:/Program Files/Java/jre1.8.0_25/bin/server;C:/Program Files/Java/jre1.8.0_25/bin;C:/Program Files/Java/jre1.8.0_25/lib/amd64;C:\ProgramData\Oracle\Java\javapath;C:\WINDOWS\system32;C:\WINDOWS;C:\WINDOWS\System32\Wbem;C:\WINDOWS\System32\WindowsPowerShell\v1.0\;C:\Program Files (x86)\ATI Technologies\ATI.ACE\Core-Static;C:\Program Files (x86)\Skype\Phone;C:\Program Files (x86)\QuickTime\QTSystem;C:\Program Files\Apache\maven\bin;C:\Users\annina\Downloads\Programme\Programmierprogramme\Eclipse, Java\eclipse-java-luna-SR1-win32-x86_64\eclipse;
USERNAME=annina
OS=Windows_NT
PROCESSOR_IDENTIFIER=AMD64 Family 22 Model 48 Stepping 1, AuthenticAMD



---------------  S Y S T E M  ---------------

OS: Windows 8.1 , 64 bit Build 9600 

CPU:total 4 (4 cores per cpu, 1 threads per core) family 22 model 48 stepping 1, cmov, cx8, fxsr, mmx, sse, sse2, sse3, ssse3, sse4.1, sse4.2, popcnt, avx, aes, clmul, mmxext, 3dnowpref, lzcnt, sse4a, tsc, tscinvbit, tscinv, bmi1

Memory: 4k page, physical 3599348k(487460k free), swap 14609396k(127824k free)

vm_info: Java HotSpot(TM) 64-Bit Server VM (25.25-b02) for windows-amd64 JRE (1.8.0_25-b18), built on Oct  7 2014 14:25:37 by "java_re" with MS VC++ 10.0 (VS2010)

time: Sat Jun 18 22:19:06 2016
elapsed time: 856 seconds (0d 0h 14m 16s)

