#
# There is insufficient memory for the Java Runtime Environment to continue.
# Native memory allocation (malloc) failed to allocate 264816 bytes for Chunk::new
# Possible reasons:
#   The system is out of physical RAM or swap space
#   In 32 bit mode, the process size limit was hit
# Possible solutions:
#   Reduce memory load on the system
#   Increase physical memory or swap space
#   Check if swap backing store is full
#   Use 64 bit Java on a 64 bit OS
#   Decrease Java heap size (-Xmx/-Xms)
#   Decrease number of Java threads
#   Decrease Java thread stack sizes (-Xss)
#   Set larger code cache with -XX:ReservedCodeCacheSize=
# This output file may be truncated or incomplete.
#
#  Out of Memory Error (allocation.cpp:390), pid=9356, tid=7332
#
# JRE version: Java(TM) SE Runtime Environment (8.0_25-b18) (build 1.8.0_25-b18)
# Java VM: Java HotSpot(TM) 64-Bit Server VM (25.25-b02 mixed mode windows-amd64 compressed oops)
# Failed to write core dump. Minidumps are not enabled by default on client versions of Windows
#

---------------  T H R E A D  ---------------

Current thread (0x0000000015072000):  JavaThread "C2 CompilerThread1" daemon [_thread_in_native, id=7332, stack(0x0000000015300000,0x0000000015400000)]

Stack: [0x0000000015300000,0x0000000015400000]
Native frames: (J=compiled Java code, j=interpreted, Vv=VM code, C=native code)
V  [jvm.dll+0x31667a]


Current CompileTask:
C2: 258345 8616       4       java.net.URI::quote (208 bytes)


---------------  P R O C E S S  ---------------

Java Threads: ( => current thread )
  0x000000001711f000 JavaThread "306702835@qtp-969121054-5" [_thread_blocked, id=3444, stack(0x000000001fd80000,0x000000001fe80000)]
  0x000000001711c000 JavaThread "471455747@qtp-969121054-4" [_thread_blocked, id=11056, stack(0x000000001fc80000,0x000000001fd80000)]
  0x000000001711e000 JavaThread "2083923788@qtp-969121054-2" [_thread_blocked, id=6828, stack(0x000000001fa80000,0x000000001fb80000)]
  0x0000000017116800 JavaThread "Timer-1" daemon [_thread_blocked, id=13584, stack(0x000000001f980000,0x000000001fa80000)]
  0x0000000017116000 JavaThread "1231811463@qtp-969121054-1 - Acceptor0 SelectChannelConnector@0.0.0.0:8888" [_thread_in_native, id=12432, stack(0x000000001f880000,0x000000001f980000)]
  0x0000000017119000 JavaThread "607342922@qtp-969121054-0" [_thread_blocked, id=13412, stack(0x000000001f780000,0x000000001f880000)]
  0x000000001711b000 JavaThread "Java2D Disposer" daemon [_thread_blocked, id=8096, stack(0x000000001f080000,0x000000001f180000)]
  0x0000000017117800 JavaThread "pool-5-thread-1" [_thread_blocked, id=13456, stack(0x000000001c0f0000,0x000000001c1f0000)]
  0x0000000016fd3800 JavaThread "qtp139119355-36" [_thread_blocked, id=10296, stack(0x000000001bbf0000,0x000000001bcf0000)]
  0x0000000016fd2800 JavaThread "qtp139119355-35" [_thread_blocked, id=5316, stack(0x000000001baf0000,0x000000001bbf0000)]
  0x0000000016fd7000 JavaThread "qtp139119355-34" [_thread_blocked, id=4668, stack(0x000000001b9f0000,0x000000001baf0000)]
  0x0000000016fd2000 JavaThread "qtp139119355-33" [_thread_blocked, id=6228, stack(0x000000001b8f0000,0x000000001b9f0000)]
  0x0000000016fd8000 JavaThread "qtp139119355-32" [_thread_blocked, id=15272, stack(0x000000001b7f0000,0x000000001b8f0000)]
  0x0000000016fd6800 JavaThread "qtp139119355-31 Acceptor0 SelectChannelConnector@127.0.0.1:9876" [_thread_in_native, id=13616, stack(0x000000001b6f0000,0x000000001b7f0000)]
  0x0000000019c6d800 JavaThread "qtp139119355-30 Selector0" [_thread_in_native, id=5896, stack(0x000000001b5f0000,0x000000001b6f0000)]
  0x0000000016d5e800 JavaThread "qtp139119355-29" [_thread_blocked, id=1592, stack(0x000000001b4f0000,0x000000001b5f0000)]
  0x000000001739b000 JavaThread "HashSessionScavenger-0" daemon [_thread_blocked, id=7648, stack(0x000000001b3f0000,0x000000001b4f0000)]
  0x0000000015c5a800 JavaThread "pool-1-thread-1" [_thread_blocked, id=1488, stack(0x0000000017510000,0x0000000017610000)]
  0x0000000015b17800 JavaThread "Thread-2" daemon [_thread_blocked, id=8148, stack(0x0000000016340000,0x0000000016440000)]
  0x0000000015714800 JavaThread "Thread-1" [_thread_in_native, id=9716, stack(0x0000000016240000,0x0000000016340000)]
  0x00000000150d5000 JavaThread "Service Thread" daemon [_thread_blocked, id=10456, stack(0x0000000015500000,0x0000000015600000)]
  0x0000000015073800 JavaThread "C1 CompilerThread2" daemon [_thread_blocked, id=5060, stack(0x0000000015400000,0x0000000015500000)]
=>0x0000000015072000 JavaThread "C2 CompilerThread1" daemon [_thread_in_native, id=7332, stack(0x0000000015300000,0x0000000015400000)]
  0x000000001506b800 JavaThread "C2 CompilerThread0" daemon [_thread_in_native, id=14288, stack(0x0000000015200000,0x0000000015300000)]
  0x00000000138b4800 JavaThread "Attach Listener" daemon [_thread_blocked, id=712, stack(0x0000000014d00000,0x0000000014e00000)]
  0x00000000138b3800 JavaThread "Signal Dispatcher" daemon [_thread_blocked, id=12968, stack(0x0000000014c00000,0x0000000014d00000)]
  0x0000000002486000 JavaThread "Finalizer" daemon [_thread_blocked, id=7068, stack(0x0000000014b00000,0x0000000014c00000)]
  0x000000000247f000 JavaThread "Reference Handler" daemon [_thread_blocked, id=9196, stack(0x0000000014a00000,0x0000000014b00000)]
  0x0000000002394000 JavaThread "main" [_thread_blocked, id=12976, stack(0x00000000020c0000,0x00000000021c0000)]

Other Threads:
  0x0000000013875800 VMThread [stack: 0x0000000014900000,0x0000000014a00000] [id=6596]
  0x00000000150d8000 WatcherThread [stack: 0x0000000015600000,0x0000000015700000] [id=8904]

VM state:not at safepoint (normal execution)

VM Mutex/Monitor currently owned by a thread: None

Heap:
 PSYoungGen      total 116736K, used 25675K [0x00000000f5580000, 0x0000000100000000, 0x0000000100000000)
  eden space 58880K, 37% used [0x00000000f5580000,0x00000000f6afa040,0x00000000f8f00000)
  from space 57856K, 6% used [0x00000000fc780000,0x00000000fcb18eb8,0x0000000100000000)
  to   space 57856K, 0% used [0x00000000f8f00000,0x00000000f8f00000,0x00000000fc780000)
 ParOldGen       total 301568K, used 209450K [0x00000000e0000000, 0x00000000f2680000, 0x00000000f5580000)
  object space 301568K, 69% used [0x00000000e0000000,0x00000000ecc8a830,0x00000000f2680000)
 Metaspace       used 41482K, capacity 42360K, committed 42496K, reserved 1087488K
  class space    used 4834K, capacity 5030K, committed 5120K, reserved 1048576K

Card table byte_map: [0x0000000011850000,0x0000000011960000] byte_map_base: 0x0000000011150000

Marking Bits: (ParMarkBitMap*) 0x000000005191d490
 Begin Bits: [0x0000000011e10000, 0x0000000012610000)
 End Bits:   [0x0000000012610000, 0x0000000012e10000)

Polling page: 0x0000000000530000

CodeCache: size=245760Kb used=20563Kb max_used=21150Kb free=225196Kb
 bounds [0x0000000002490000, 0x00000000039a0000, 0x0000000011490000]
 total_blobs=6713 nmethods=6202 adapters=422
 compilation: enabled

Compilation events (10 events):
Event: 258.011 Thread 0x0000000015073800 nmethod 8611 0x00000000029299d0 code [0x0000000002929b60, 0x0000000002929ec8]
Event: 258.014 Thread 0x0000000015073800 8612       3       com.google.gwt.dev.cfg.BindingProperty::getConstrainedValue (47 bytes)
Event: 258.015 Thread 0x0000000015073800 nmethod 8612 0x0000000002bcf090 code [0x0000000002bcf260, 0x0000000002bcf8a8]
Event: 258.018 Thread 0x0000000015073800 8613       3       java.util.TreeSet::comparator (10 bytes)
Event: 258.018 Thread 0x0000000015073800 nmethod 8613 0x000000000321da90 code [0x000000000321dc00, 0x000000000321de28]
Event: 258.018 Thread 0x0000000015072000 8614       4       java.util.LinkedHashMap$LinkedValueIterator::next (8 bytes)
Event: 258.020 Thread 0x0000000015072000 nmethod 8614 0x00000000032a93d0 code [0x00000000032a9500, 0x00000000032a95b8]
Event: 258.026 Thread 0x0000000015073800 8615       3       java.nio.HeapByteBuffer::compact (52 bytes)
Event: 258.028 Thread 0x0000000015073800 nmethod 8615 0x0000000002dd1b10 code [0x0000000002dd1cc0, 0x0000000002dd25e8]
Event: 258.067 Thread 0x0000000015072000 8616       4       java.net.URI::quote (208 bytes)

GC Heap History (10 events):
Event: 118.037 GC heap before
{Heap before GC invocations=44 (full 4):
 PSYoungGen      total 116736K, used 80439K [0x00000000f5580000, 0x0000000100000000, 0x0000000100000000)
  eden space 58880K, 96% used [0x00000000f5580000,0x00000000f8cb9400,0x00000000f8f00000)
  from space 57856K, 41% used [0x00000000f8f00000,0x00000000fa654bf0,0x00000000fc780000)
  to   space 57856K, 0% used [0x00000000fc780000,0x00000000fc780000,0x0000000100000000)
 ParOldGen       total 301568K, used 196732K [0x00000000e0000000, 0x00000000f2680000, 0x00000000f5580000)
  object space 301568K, 65% used [0x00000000e0000000,0x00000000ec01f088,0x00000000f2680000)
 Metaspace       used 39665K, capacity 40532K, committed 40704K, reserved 1085440K
  class space    used 4624K, capacity 4828K, committed 4864K, reserved 1048576K
Event: 118.080 GC heap after
Heap after GC invocations=44 (full 4):
 PSYoungGen      total 116736K, used 51711K [0x00000000f5580000, 0x0000000100000000, 0x0000000100000000)
  eden space 58880K, 0% used [0x00000000f5580000,0x00000000f5580000,0x00000000f8f00000)
  from space 57856K, 89% used [0x00000000fc780000,0x00000000ff9ffe38,0x0000000100000000)
  to   space 57856K, 0% used [0x00000000f8f00000,0x00000000f8f00000,0x00000000fc780000)
 ParOldGen       total 301568K, used 196892K [0x00000000e0000000, 0x00000000f2680000, 0x00000000f5580000)
  object space 301568K, 65% used [0x00000000e0000000,0x00000000ec047088,0x00000000f2680000)
 Metaspace       used 39665K, capacity 40532K, committed 40704K, reserved 1085440K
  class space    used 4624K, capacity 4828K, committed 4864K, reserved 1048576K
}
Event: 118.293 GC heap before
{Heap before GC invocations=45 (full 4):
 PSYoungGen      total 116736K, used 109842K [0x00000000f5580000, 0x0000000100000000, 0x0000000100000000)
  eden space 58880K, 98% used [0x00000000f5580000,0x00000000f8e44bd0,0x00000000f8f00000)
  from space 57856K, 89% used [0x00000000fc780000,0x00000000ff9ffe38,0x0000000100000000)
  to   space 57856K, 0% used [0x00000000f8f00000,0x00000000f8f00000,0x00000000fc780000)
 ParOldGen       total 301568K, used 196892K [0x00000000e0000000, 0x00000000f2680000, 0x00000000f5580000)
  object space 301568K, 65% used [0x00000000e0000000,0x00000000ec047088,0x00000000f2680000)
 Metaspace       used 39675K, capacity 40538K, committed 40704K, reserved 1085440K
  class space    used 4625K, capacity 4829K, committed 4864K, reserved 1048576K
Event: 118.319 GC heap after
Heap after GC invocations=45 (full 4):
 PSYoungGen      total 116736K, used 24401K [0x00000000f5580000, 0x0000000100000000, 0x0000000100000000)
  eden space 58880K, 0% used [0x00000000f5580000,0x00000000f5580000,0x00000000f8f00000)
  from space 57856K, 42% used [0x00000000f8f00000,0x00000000fa6d4410,0x00000000fc780000)
  to   space 57856K, 0% used [0x00000000fc780000,0x00000000fc780000,0x0000000100000000)
 ParOldGen       total 301568K, used 198412K [0x00000000e0000000, 0x00000000f2680000, 0x00000000f5580000)
  object space 301568K, 65% used [0x00000000e0000000,0x00000000ec1c3088,0x00000000f2680000)
 Metaspace       used 39675K, capacity 40538K, committed 40704K, reserved 1085440K
  class space    used 4625K, capacity 4829K, committed 4864K, reserved 1048576K
}
Event: 119.071 GC heap before
{Heap before GC invocations=46 (full 4):
 PSYoungGen      total 116736K, used 80895K [0x00000000f5580000, 0x0000000100000000, 0x0000000100000000)
  eden space 58880K, 95% used [0x00000000f5580000,0x00000000f8cab8f8,0x00000000f8f00000)
  from space 57856K, 42% used [0x00000000f8f00000,0x00000000fa6d4410,0x00000000fc780000)
  to   space 57856K, 0% used [0x00000000fc780000,0x00000000fc780000,0x0000000100000000)
 ParOldGen       total 301568K, used 198412K [0x00000000e0000000, 0x00000000f2680000, 0x00000000f5580000)
  object space 301568K, 65% used [0x00000000e0000000,0x00000000ec1c3088,0x00000000f2680000)
 Metaspace       used 39824K, capacity 40666K, committed 40960K, reserved 1085440K
  class space    used 4638K, capacity 4829K, committed 4864K, reserved 1048576K
Event: 119.088 GC heap after
Heap after GC invocations=46 (full 4):
 PSYoungGen      total 116736K, used 9765K [0x00000000f5580000, 0x0000000100000000, 0x0000000100000000)
  eden space 58880K, 0% used [0x00000000f5580000,0x00000000f5580000,0x00000000f8f00000)
  from space 57856K, 16% used [0x00000000fc780000,0x00000000fd109798,0x0000000100000000)
  to   space 57856K, 0% used [0x00000000f8f00000,0x00000000f8f00000,0x00000000fc780000)
 ParOldGen       total 301568K, used 200084K [0x00000000e0000000, 0x00000000f2680000, 0x00000000f5580000)
  object space 301568K, 66% used [0x00000000e0000000,0x00000000ec365088,0x00000000f2680000)
 Metaspace       used 39824K, capacity 40666K, committed 40960K, reserved 1085440K
  class space    used 4638K, capacity 4829K, committed 4864K, reserved 1048576K
}
Event: 222.233 GC heap before
{Heap before GC invocations=47 (full 4):
 PSYoungGen      total 116736K, used 68645K [0x00000000f5580000, 0x0000000100000000, 0x0000000100000000)
  eden space 58880K, 100% used [0x00000000f5580000,0x00000000f8f00000,0x00000000f8f00000)
  from space 57856K, 16% used [0x00000000fc780000,0x00000000fd109798,0x0000000100000000)
  to   space 57856K, 0% used [0x00000000f8f00000,0x00000000f8f00000,0x00000000fc780000)
 ParOldGen       total 301568K, used 200084K [0x00000000e0000000, 0x00000000f2680000, 0x00000000f5580000)
  object space 301568K, 66% used [0x00000000e0000000,0x00000000ec365088,0x00000000f2680000)
 Metaspace       used 39981K, capacity 40858K, committed 40960K, reserved 1085440K
  class space    used 4646K, capacity 4829K, committed 4864K, reserved 1048576K
Event: 222.246 GC heap after
Heap after GC invocations=47 (full 4):
 PSYoungGen      total 116736K, used 10740K [0x00000000f5580000, 0x0000000100000000, 0x0000000100000000)
  eden space 58880K, 0% used [0x00000000f5580000,0x00000000f5580000,0x00000000f8f00000)
  from space 57856K, 18% used [0x00000000f8f00000,0x00000000f997d080,0x00000000fc780000)
  to   space 57856K, 0% used [0x00000000fc780000,0x00000000fc780000,0x0000000100000000)
 ParOldGen       total 301568K, used 200700K [0x00000000e0000000, 0x00000000f2680000, 0x00000000f5580000)
  object space 301568K, 66% used [0x00000000e0000000,0x00000000ec3ff098,0x00000000f2680000)
 Metaspace       used 39981K, capacity 40858K, committed 40960K, reserved 1085440K
  class space    used 4646K, capacity 4829K, committed 4864K, reserved 1048576K
}
Event: 223.464 GC heap before
{Heap before GC invocations=48 (full 4):
 PSYoungGen      total 116736K, used 69620K [0x00000000f5580000, 0x0000000100000000, 0x0000000100000000)
  eden space 58880K, 100% used [0x00000000f5580000,0x00000000f8f00000,0x00000000f8f00000)
  from space 57856K, 18% used [0x00000000f8f00000,0x00000000f997d080,0x00000000fc780000)
  to   space 57856K, 0% used [0x00000000fc780000,0x00000000fc780000,0x0000000100000000)
 ParOldGen       total 301568K, used 200700K [0x00000000e0000000, 0x00000000f2680000, 0x00000000f5580000)
  object space 301568K, 66% used [0x00000000e0000000,0x00000000ec3ff098,0x00000000f2680000)
 Metaspace       used 41358K, capacity 42232K, committed 42496K, reserved 1087488K
  class space    used 4824K, capacity 5030K, committed 5120K, reserved 1048576K
Event: 223.487 GC heap after
Heap after GC invocations=48 (full 4):
 PSYoungGen      total 116736K, used 3683K [0x00000000f5580000, 0x0000000100000000, 0x0000000100000000)
  eden space 58880K, 0% used [0x00000000f5580000,0x00000000f5580000,0x00000000f8f00000)
  from space 57856K, 6% used [0x00000000fc780000,0x00000000fcb18eb8,0x0000000100000000)
  to   space 57856K, 0% used [0x00000000f8f00000,0x00000000f8f00000,0x00000000fc780000)
 ParOldGen       total 301568K, used 209450K [0x00000000e0000000, 0x00000000f2680000, 0x00000000f5580000)
  object space 301568K, 69% used [0x00000000e0000000,0x00000000ecc8a830,0x00000000f2680000)
 Metaspace       used 41358K, capacity 42232K, committed 42496K, reserved 1087488K
  class space    used 4824K, capacity 5030K, committed 5120K, reserved 1048576K
}

Deoptimization events (10 events):
Event: 222.368 Thread 0x0000000015714800 Uncommon trap: reason=class_check action=maybe_recompile pc=0x0000000002fd4ad4 method=java.io.FilterInputStream.available()I @ 4
Event: 222.372 Thread 0x0000000015714800 Uncommon trap: reason=class_check action=maybe_recompile pc=0x0000000002fd4ad4 method=java.io.FilterInputStream.available()I @ 4
Event: 222.379 Thread 0x0000000015714800 Uncommon trap: reason=class_check action=maybe_recompile pc=0x0000000002fd4ad4 method=java.io.FilterInputStream.available()I @ 4
Event: 222.385 Thread 0x0000000015714800 Uncommon trap: reason=class_check action=maybe_recompile pc=0x0000000002fd4ad4 method=java.io.FilterInputStream.available()I @ 4
Event: 222.444 Thread 0x0000000015714800 Uncommon trap: reason=unreached action=reinterpret pc=0x00000000025e800c method=com.google.appengine.repackaged.org.objectweb.asm.commons.LocalVariablesSorter.visitFrame(II[Ljava/lang/Object;I[Ljava/lang/Object;)V @ 78
Event: 222.696 Thread 0x0000000015714800 Uncommon trap: reason=range_check action=make_not_entrant pc=0x000000000366d45c method=com.google.appengine.repackaged.org.objectweb.asm.Type.getType([CI)Lcom/google/appengine/repackaged/org/objectweb/asm/Type; @ 2
Event: 223.051 Thread 0x0000000015714800 Uncommon trap: reason=unloaded action=reinterpret pc=0x00000000031f7be8 method=com.google.appengine.tools.development.agent.impl.ReflectionVisitor$MethodTranslator.visitMethodInsn(ILjava/lang/String;Ljava/lang/String;Ljava/lang/String;)V @ 71
Event: 253.609 Thread 0x0000000017116800 Uncommon trap: reason=class_check action=maybe_recompile pc=0x000000000332fc94 method=java.util.HashMap.removeNode(ILjava/lang/Object;Ljava/lang/Object;ZZ)Ljava/util/HashMap$Node; @ 143
Event: 253.611 Thread 0x0000000017116800 Uncommon trap: reason=class_check action=maybe_recompile pc=0x000000000332fc94 method=java.util.HashMap.removeNode(ILjava/lang/Object;Ljava/lang/Object;ZZ)Ljava/util/HashMap$Node; @ 143
Event: 258.033 Thread 0x0000000017117800 Uncommon trap: reason=speculate_class_check action=maybe_recompile pc=0x0000000002c8eac4 method=com.google.gwt.thirdparty.guava.common.collect.AbstractIndexedListIterator.next()Ljava/lang/Object; @ 27

Internal exceptions (10 events):
Event: 223.509 Thread 0x0000000015714800 Exception <a 'java/security/PrivilegedActionException'> (0x00000000f56006f0) thrown at [D:\re\workspace\8-2-build-windows-amd64-cygwin\jdk8u25\1677\hotspot\src\share\vm\prims\jvm.cpp, line 1312]
Event: 223.525 Thread 0x0000000015714800 Exception <a 'java/security/PrivilegedActionException'> (0x00000000f56870d8) thrown at [D:\re\workspace\8-2-build-windows-amd64-cygwin\jdk8u25\1677\hotspot\src\share\vm\prims\jvm.cpp, line 1312]
Event: 223.544 Thread 0x0000000015714800 Exception <a 'java/security/PrivilegedActionException'> (0x00000000f5727ca0) thrown at [D:\re\workspace\8-2-build-windows-amd64-cygwin\jdk8u25\1677\hotspot\src\share\vm\prims\jvm.cpp, line 1312]
Event: 223.554 Thread 0x0000000015714800 Exception <a 'java/security/PrivilegedActionException'> (0x00000000f5753a60) thrown at [D:\re\workspace\8-2-build-windows-amd64-cygwin\jdk8u25\1677\hotspot\src\share\vm\prims\jvm.cpp, line 1312]
Event: 223.557 Thread 0x0000000015714800 Exception <a 'java/security/PrivilegedActionException'> (0x00000000f5763ac0) thrown at [D:\re\workspace\8-2-build-windows-amd64-cygwin\jdk8u25\1677\hotspot\src\share\vm\prims\jvm.cpp, line 1312]
Event: 223.561 Thread 0x0000000015714800 Exception <a 'java/security/PrivilegedActionException'> (0x00000000f57c3778) thrown at [D:\re\workspace\8-2-build-windows-amd64-cygwin\jdk8u25\1677\hotspot\src\share\vm\prims\jvm.cpp, line 1312]
Event: 223.563 Thread 0x0000000015714800 Exception <a 'java/security/PrivilegedActionException'> (0x00000000f57cc8e0) thrown at [D:\re\workspace\8-2-build-windows-amd64-cygwin\jdk8u25\1677\hotspot\src\share\vm\prims\jvm.cpp, line 1312]
Event: 223.566 Thread 0x0000000015714800 Exception <a 'java/security/PrivilegedActionException'> (0x00000000f57f08b0) thrown at [D:\re\workspace\8-2-build-windows-amd64-cygwin\jdk8u25\1677\hotspot\src\share\vm\prims\jvm.cpp, line 1312]
Event: 223.566 Thread 0x0000000015714800 Exception <a 'java/security/PrivilegedActionException'> (0x00000000f57f32a8) thrown at [D:\re\workspace\8-2-build-windows-amd64-cygwin\jdk8u25\1677\hotspot\src\share\vm\prims\jvm.cpp, line 1312]
Event: 223.569 Thread 0x0000000015714800 Exception <a 'java/security/PrivilegedActionException'> (0x00000000f5838280) thrown at [D:\re\workspace\8-2-build-windows-amd64-cygwin\jdk8u25\1677\hotspot\src\share\vm\prims\jvm.cpp, line 1312]

Events (10 events):
Event: 258.067 Thread 0x0000000017117800 DEOPT PACKING pc=0x0000000002a40794 sp=0x000000001c1ee560
Event: 258.068 Thread 0x0000000017117800 DEOPT UNPACKING pc=0x00000000024d71bf sp=0x000000001c1ee320 mode 0
Event: 258.152 Thread 0x0000000017117800 DEOPT PACKING pc=0x0000000002eba2d7 sp=0x000000001c1ee6b0
Event: 258.153 Thread 0x0000000017117800 DEOPT UNPACKING pc=0x00000000024d71bf sp=0x000000001c1ee418 mode 0
Event: 258.154 Thread 0x0000000017117800 DEOPT PACKING pc=0x0000000002f6de4c sp=0x000000001c1ee7d0
Event: 258.154 Thread 0x0000000017117800 DEOPT UNPACKING pc=0x00000000024d71bf sp=0x000000001c1ee510 mode 0
Event: 258.160 Thread 0x0000000017117800 DEOPT PACKING pc=0x0000000002eba2d7 sp=0x000000001c1ee6b0
Event: 258.160 Thread 0x0000000017117800 DEOPT UNPACKING pc=0x00000000024d71bf sp=0x000000001c1ee418 mode 0
Event: 258.161 Thread 0x0000000017117800 DEOPT PACKING pc=0x0000000002f6de4c sp=0x000000001c1ee7d0
Event: 258.161 Thread 0x0000000017117800 DEOPT UNPACKING pc=0x00000000024d71bf sp=0x000000001c1ee510 mode 0


Dynamic libraries:
0x00007ff789460000 - 0x00007ff789494000 	C:\Program Files\Java\jre1.8.0_25\bin\javaw.exe
0x00007ffa63b60000 - 0x00007ffa63d21000 	C:\WINDOWS\SYSTEM32\ntdll.dll
0x00007ffa633b0000 - 0x00007ffa6345d000 	C:\WINDOWS\system32\KERNEL32.DLL
0x00007ffa60b50000 - 0x00007ffa60d38000 	C:\WINDOWS\system32\KERNELBASE.dll
0x00007ffa610f0000 - 0x00007ffa61197000 	C:\WINDOWS\system32\ADVAPI32.dll
0x00007ffa631b0000 - 0x00007ffa6324d000 	C:\WINDOWS\system32\msvcrt.dll
0x00007ffa62db0000 - 0x00007ffa62e0b000 	C:\WINDOWS\system32\sechost.dll
0x00007ffa63090000 - 0x00007ffa631ac000 	C:\WINDOWS\system32\RPCRT4.dll
0x00007ffa63250000 - 0x00007ffa633a6000 	C:\WINDOWS\system32\USER32.dll
0x00007ffa60f60000 - 0x00007ffa610e6000 	C:\WINDOWS\system32\GDI32.dll
0x00007ffa54930000 - 0x00007ffa54ba4000 	C:\WINDOWS\WinSxS\amd64_microsoft.windows.common-controls_6595b64144ccf1df_6.0.10586.0_none_8c15ae12515e1c22\COMCTL32.dll
0x00007ffa62e10000 - 0x00007ffa6308d000 	C:\WINDOWS\system32\combase.dll
0x00007ffa608f0000 - 0x00007ffa6095a000 	C:\WINDOWS\system32\bcryptPrimitives.dll
0x00007ffa611a0000 - 0x00007ffa611db000 	C:\WINDOWS\system32\IMM32.DLL
0x0000000050b10000 - 0x0000000050be2000 	C:\Program Files\Java\jre1.8.0_25\bin\msvcr100.dll
0x0000000051140000 - 0x000000005199a000 	C:\Program Files\Java\jre1.8.0_25\bin\server\jvm.dll
0x00007ffa62c40000 - 0x00007ffa62c48000 	C:\WINDOWS\system32\PSAPI.DLL
0x00007ffa57cc0000 - 0x00007ffa57cc9000 	C:\WINDOWS\SYSTEM32\WSOCK32.dll
0x00007ffa61310000 - 0x00007ffa6137b000 	C:\WINDOWS\system32\WS2_32.dll
0x00007ffa5e400000 - 0x00007ffa5e423000 	C:\WINDOWS\SYSTEM32\WINMM.dll
0x00007ffa5e3a0000 - 0x00007ffa5e3cc000 	C:\WINDOWS\SYSTEM32\WINMMBASE.dll
0x00007ffa60d40000 - 0x00007ffa60d83000 	C:\WINDOWS\system32\cfgmgr32.dll
0x0000000051130000 - 0x000000005113f000 	C:\Program Files\Java\jre1.8.0_25\bin\verify.dll
0x0000000051100000 - 0x0000000051128000 	C:\Program Files\Java\jre1.8.0_25\bin\java.dll
0x0000000050ae0000 - 0x0000000050b03000 	C:\Program Files\Java\jre1.8.0_25\bin\instrument.dll
0x00000000510e0000 - 0x00000000510f6000 	C:\Program Files\Java\jre1.8.0_25\bin\zip.dll
0x00007ffa61530000 - 0x00007ffa62a8c000 	C:\WINDOWS\system32\SHELL32.dll
0x00007ffa602a0000 - 0x00007ffa608e4000 	C:\WINDOWS\system32\windows.storage.dll
0x00007ffa63a30000 - 0x00007ffa63a82000 	C:\WINDOWS\system32\shlwapi.dll
0x00007ffa60200000 - 0x00007ffa6020f000 	C:\WINDOWS\system32\kernel.appcore.dll
0x00007ffa609c0000 - 0x00007ffa60a75000 	C:\WINDOWS\system32\shcore.dll
0x00007ffa60180000 - 0x00007ffa601cb000 	C:\WINDOWS\system32\powrprof.dll
0x00007ffa601d0000 - 0x00007ffa601e4000 	C:\WINDOWS\system32\profapi.dll
0x00000000510c0000 - 0x00000000510da000 	C:\Program Files\Java\jre1.8.0_25\bin\net.dll
0x00007ffa5fa50000 - 0x00007ffa5faac000 	C:\WINDOWS\system32\mswsock.dll
0x00007ffa5ebf0000 - 0x00007ffa5ec9a000 	C:\WINDOWS\SYSTEM32\DNSAPI.dll
0x00007ffa61300000 - 0x00007ffa61308000 	C:\WINDOWS\system32\NSI.dll
0x0000000052b00000 - 0x0000000052b26000 	C:\Program Files\Bonjour\mdnsNSP.dll
0x00007ffa584f0000 - 0x00007ffa58528000 	C:\WINDOWS\SYSTEM32\Iphlpapi.DLL
0x00007ffa57d40000 - 0x00007ffa57d4a000 	C:\Windows\System32\rasadhlp.dll
0x00007ffa58140000 - 0x00007ffa581a7000 	C:\WINDOWS\System32\fwpuclnt.dll
0x00007ffa600b0000 - 0x00007ffa600d9000 	C:\WINDOWS\SYSTEM32\bcrypt.dll
0x00007ffa5fb00000 - 0x00007ffa5fb17000 	C:\WINDOWS\SYSTEM32\CRYPTSP.dll
0x00007ffa5f790000 - 0x00007ffa5f7c4000 	C:\WINDOWS\system32\rsaenh.dll
0x00007ffa5f8e0000 - 0x00007ffa5f8ff000 	C:\WINDOWS\SYSTEM32\USERENV.dll
0x00007ffa5fc20000 - 0x00007ffa5fc2b000 	C:\WINDOWS\SYSTEM32\CRYPTBASE.dll
0x00007ffa584d0000 - 0x00007ffa584e6000 	C:\WINDOWS\SYSTEM32\dhcpcsvc6.DLL
0x00007ffa584b0000 - 0x00007ffa584ca000 	C:\WINDOWS\SYSTEM32\dhcpcsvc.DLL
0x00000000510a0000 - 0x00000000510b1000 	C:\Program Files\Java\jre1.8.0_25\bin\nio.dll
0x00007ffa37580000 - 0x00007ffa37596000 	C:\WINDOWS\system32\napinsp.dll
0x00007ffa37560000 - 0x00007ffa3757a000 	C:\WINDOWS\system32\pnrpnsp.dll
0x00007ffa5e160000 - 0x00007ffa5e178000 	C:\WINDOWS\system32\NLAapi.dll
0x00007ffa3bea0000 - 0x00007ffa3bead000 	C:\WINDOWS\System32\winrnr.dll
0x00007ffa5cbc0000 - 0x00007ffa5cbd5000 	C:\WINDOWS\System32\wshbth.dll
0x0000000050ad0000 - 0x0000000050add000 	C:\Program Files\Java\jre1.8.0_25\bin\management.dll
0x0000000050930000 - 0x0000000050ac8000 	C:\Program Files\Java\jre1.8.0_25\bin\awt.dll
0x00007ffa634d0000 - 0x00007ffa63591000 	C:\WINDOWS\system32\OLEAUT32.dll
0x00007ffa5e8e0000 - 0x00007ffa5e959000 	C:\WINDOWS\system32\apphelp.dll
0x00007ffa5dfd0000 - 0x00007ffa5dff2000 	C:\WINDOWS\system32\DWMAPI.DLL
0x00007ffa5eb00000 - 0x00007ffa5eb96000 	C:\WINDOWS\system32\uxtheme.dll

VM Arguments:
jvm_args: -Xmx512m -javaagent:C:\Users\annina\Downloads\Programme\Programmierprogramme\Eclipse, Java\eclipse-java-luna-SR1-win32-x86_64\eclipse\plugins\com.google.appengine.eclipse.sdkbundle_1.9.34\appengine-java-sdk-1.9.34\lib\agent\appengine-agent.jar -Dfile.encoding=UTF-8 
java_command: com.google.gwt.dev.DevMode -startupUrl Partnerboerse.html -logLevel INFO -war C:\Users\annina\git\Partnerboerse\Partnerboerse\war -server com.google.appengine.tools.development.gwt.AppEngineLauncher -port 8888 -remoteUI 60711:301029524553640 -codeServerPort 9997 de.hdm.gruppe7.partnerboerse.Partnerboerse
java_class_path (initial): C:\Users\annina\git\Partnerboerse\Partnerboerse\src;C:\Users\annina\git\Partnerboerse\Partnerboerse\war\WEB-INF\classes;C:\Users\annina\Downloads\Programme\Programmierprogramme\Eclipse, Java\eclipse-java-luna-SR1-win32-x86_64\eclipse\plugins\com.google.appengine.eclipse.sdkbundle_1.9.34\appengine-java-sdk-1.9.34\lib\shared\appengine-local-runtime-shared.jar;C:\Users\annina\Downloads\Programme\Programmierprogramme\Eclipse, Java\eclipse-java-luna-SR1-win32-x86_64\eclipse\plugins\com.google.appengine.eclipse.sdkbundle_1.9.34\appengine-java-sdk-1.9.34\lib\shared\el-api.jar;C:\Users\annina\Downloads\Programme\Programmierprogramme\Eclipse, Java\eclipse-java-luna-SR1-win32-x86_64\eclipse\plugins\com.google.appengine.eclipse.sdkbundle_1.9.34\appengine-java-sdk-1.9.34\lib\shared\jsp\repackaged-appengine-ant-1.7.1.jar;C:\Users\annina\Downloads\Programme\Programmierprogramme\Eclipse, Java\eclipse-java-luna-SR1-win32-x86_64\eclipse\plugins\com.google.appengine.eclipse.sdkbundle_1.9.34\appengine-java-sdk-1.9.34\lib\shared\jsp\repackaged-appengine-ant-launcher-1.7.1.jar;C:\Users\annina\Downloads\Programme\Programmierprogramme\Eclipse, Java\eclipse-java-luna-SR1-win32-x86_64\eclipse\plugins\com.google.appengine.eclipse.sdkbundle_1.9.34\appengine-java-sdk-1.9.34\lib\shared\jsp\repackaged-appengine-jasper-6.0.29.jar;C:\Users\annina\Downloads\Programme\Programmierprogramme\Eclipse, Java\eclipse-java-luna-SR1-win32-x86_64\eclipse\plugins\com.google.appengine.eclipse.sdkbundle_1.9.34\appengine-java-sdk-1.9.34\lib\shared\jsp\repackaged-appengine-jasper-el-6.0.29.jar;C:\Users\annina\Downloads\Programme\Programmierprogramme\Eclipse, Java\eclipse-java-luna-SR1-win32-x86_64\eclipse\plugins\com.google.appengine.eclipse.sdkbundle_1.9.34\appengine-java-sdk-1.9.34\lib\shared\jsp\repackaged-appengine-tomcat-juli-6.0.29.jar;C:\Users\annina\Downloads\Programme\Programmierprogramme\Eclipse, Java\eclipse-java-luna-SR1-win32-x86_64\eclipse\plugins\com.google.appengine.ecl
Launcher Type: SUN_STANDARD

Environment Variables:
JAVA_HOME=C:\Program Files\Java\jdk1.8.0_25
PATH=C:/Program Files/Java/jre1.8.0_25/bin/server;C:/Program Files/Java/jre1.8.0_25/bin;C:/Program Files/Java/jre1.8.0_25/lib/amd64;C:\ProgramData\Oracle\Java\javapath;C:\WINDOWS\system32;C:\WINDOWS;C:\WINDOWS\System32\Wbem;C:\WINDOWS\System32\WindowsPowerShell\v1.0\;C:\Program Files (x86)\ATI Technologies\ATI.ACE\Core-Static;C:\Program Files (x86)\Skype\Phone;C:\Program Files (x86)\QuickTime\QTSystem;C:\Program Files\Apache\maven\bin;C:\Users\annina\Downloads\Programme\Programmierprogramme\Eclipse, Java\eclipse-java-luna-SR1-win32-x86_64\eclipse;
USERNAME=annina
OS=Windows_NT
PROCESSOR_IDENTIFIER=AMD64 Family 22 Model 48 Stepping 1, AuthenticAMD



---------------  S Y S T E M  ---------------

OS: Windows 8.1 , 64 bit Build 9600 

CPU:total 4 (4 cores per cpu, 1 threads per core) family 22 model 48 stepping 1, cmov, cx8, fxsr, mmx, sse, sse2, sse3, ssse3, sse4.1, sse4.2, popcnt, avx, aes, clmul, mmxext, 3dnowpref, lzcnt, sse4a, tsc, tscinvbit, tscinv, bmi1

Memory: 4k page, physical 3599348k(243844k free), swap 14609396k(2452k free)

vm_info: Java HotSpot(TM) 64-Bit Server VM (25.25-b02) for windows-amd64 JRE (1.8.0_25-b18), built on Oct  7 2014 14:25:37 by "java_re" with MS VC++ 10.0 (VS2010)

time: Sat Jun 18 22:26:07 2016
elapsed time: 258 seconds (0d 0h 4m 18s)

